#
# There is insufficient memory for the Java Runtime Environment to continue.
# Native memory allocation (malloc) failed to allocate 1048576 bytes for AllocateHeap
# Possible reasons:
#   The system is out of physical RAM or swap space
#   The process is running with CompressedOops enabled, and the Java Heap may be blocking the growth of the native heap
# Possible solutions:
#   Reduce memory load on the system
#   Increase physical memory or swap space
#   Check if swap backing store is full
#   Decrease Java heap size (-Xmx/-Xms)
#   Decrease number of Java threads
#   Decrease Java thread stack sizes (-Xss)
#   Set larger code cache with -XX:ReservedCodeCacheSize=
#   JVM is running with Unscaled Compressed Oops mode in which the Java heap is
#     placed in the first 4GB address space. The Java Heap base address is the
#     maximum limit for the native heap growth. Please use -XX:HeapBaseMinAddress
#     to set the Java Heap base and to place the Java Heap above 4GB virtual address.
# This output file may be truncated or incomplete.
#
#  Out of Memory Error (memory/allocation.inline.hpp:61), pid=7612, tid=0x00000000000038e4
#
# JRE version:  (8.0_261-b12) (build )
# Java VM: Java HotSpot(TM) 64-Bit Server VM (25.261-b12 mixed mode windows-amd64 compressed oops)
# Failed to write core dump. Minidumps are not enabled by default on client versions of Windows
#

---------------  T H R E A D  ---------------

Current thread (0x0000018b78d8f000):  JavaThread "Unknown thread" [_thread_in_vm, id=14564, stack(0x0000001d31200000,0x0000001d31300000)]

Stack: [0x0000001d31200000,0x0000001d31300000]
Native frames: (J=compiled Java code, j=interpreted, Vv=VM code, C=native code)
V  [jvm.dll+0x33e5f9]
V  [jvm.dll+0x2850e2]
V  [jvm.dll+0x285d8d]
V  [jvm.dll+0x27c895]
V  [jvm.dll+0x1565d]
V  [jvm.dll+0x3d9117]
V  [jvm.dll+0x3d5557]
V  [jvm.dll+0x10c61f]
V  [jvm.dll+0x21a00b]
V  [jvm.dll+0x248687]
V  [jvm.dll+0x172116]
C  [java.exe+0x2312]
C  [java.exe+0x15f64]
C  [KERNEL32.DLL+0x17034]
C  [ntdll.dll+0x52651]


---------------  P R O C E S S  ---------------

Java Threads: ( => current thread )

Other Threads:

=>0x0000018b78d8f000 (exited) JavaThread "Unknown thread" [_thread_in_vm, id=14564, stack(0x0000001d31200000,0x0000001d31300000)]

VM state:not at safepoint (normal execution)

VM Mutex/Monitor currently owned by a thread: None

heap address: 0x0000000081c00000, size: 2020 MB, Compressed Oops mode: 32-bit
Narrow klass base: 0x0000000000000000, Narrow klass shift: 3
Compressed class space size: 1073741824 Address: 0x0000000100000000

Heap:
 PSYoungGen      total 38400K, used 665K [0x00000000d5f00000, 0x00000000d8980000, 0x0000000100000000)
  eden space 33280K, 2% used [0x00000000d5f00000,0x00000000d5fa6670,0x00000000d7f80000)
  from space 5120K, 0% used [0x00000000d8480000,0x00000000d8480000,0x00000000d8980000)
  to   space 5120K, 0% used [0x00000000d7f80000,0x00000000d7f80000,0x00000000d8480000)
 ParOldGen       total 87552K, used 0K [0x0000000081c00000, 0x0000000087180000, 0x00000000d5f00000)
  object space 87552K, 0% used [0x0000000081c00000,0x0000000081c00000,0x0000000087180000)
 Metaspace       used 786K, capacity 1156K, committed 1408K, reserved 1060864K
  class space    used 76K, capacity 384K, committed 384K, reserved 1048576K

Card table byte_map: [0x0000018b7ab00000,0x0000018b7af00000] byte_map_base: 0x0000018b7a6f2000

Marking Bits: (ParMarkBitMap*) 0x0000000075aa4fb0
 Begin Bits: [0x0000018b7b1b0000, 0x0000018b7d140000)
 End Bits:   [0x0000018b7d140000, 0x0000018b7f0d0000)

Polling page: 0x0000018b790f0000

CodeCache: size=245760Kb used=328Kb max_used=328Kb free=245431Kb
 bounds [0x0000018b00000000, 0x0000018b00270000, 0x0000018b0f000000]
 total_blobs=58 nmethods=0 adapters=38
 compilation: enabled

Compilation events (0 events):
No events

GC Heap History (0 events):
No events

Deoptimization events (0 events):
No events

Classes redefined (0 events):
No events

Internal exceptions (0 events):
No events

Events (10 events):
Event: 0.026 loading class java/lang/Short
Event: 0.026 loading class java/lang/Short done
Event: 0.026 loading class java/lang/Integer
Event: 0.026 loading class java/lang/Integer done
Event: 0.026 loading class java/lang/Long
Event: 0.026 loading class java/lang/Long done
Event: 0.027 loading class java/lang/NullPointerException
Event: 0.027 loading class java/lang/NullPointerException done
Event: 0.027 loading class java/lang/ArithmeticException
Event: 0.027 loading class java/lang/ArithmeticException done


Dynamic libraries:
0x00007ff603710000 - 0x00007ff603757000 	C:\Program Files\Java\jdk1.8.0_261\jre\bin\java.exe
0x00007ffe037f0000 - 0x00007ffe039e5000 	C:\WINDOWS\SYSTEM32\ntdll.dll
0x00007ffe035c0000 - 0x00007ffe0367d000 	C:\WINDOWS\System32\KERNEL32.DLL
0x00007ffe01230000 - 0x00007ffe014f9000 	C:\WINDOWS\System32\KERNELBASE.dll
0x00007ffe03440000 - 0x00007ffe034ec000 	C:\WINDOWS\System32\ADVAPI32.dll
0x00007ffe019c0000 - 0x00007ffe01a5e000 	C:\WINDOWS\System32\msvcrt.dll
0x00007ffe034f0000 - 0x00007ffe0358c000 	C:\WINDOWS\System32\sechost.dll
0x00007ffe01b20000 - 0x00007ffe01c4b000 	C:\WINDOWS\System32\RPCRT4.dll
0x00007ffe029f0000 - 0x00007ffe02b90000 	C:\WINDOWS\System32\USER32.dll
0x00007ffe01820000 - 0x00007ffe01842000 	C:\WINDOWS\System32\win32u.dll
0x00007ffe03590000 - 0x00007ffe035ba000 	C:\WINDOWS\System32\GDI32.dll
0x00007ffe00f30000 - 0x00007ffe0103b000 	C:\WINDOWS\System32\gdi32full.dll
0x00007ffe01600000 - 0x00007ffe0169d000 	C:\WINDOWS\System32\msvcp_win.dll
0x00007ffe01500000 - 0x00007ffe01600000 	C:\WINDOWS\System32\ucrtbase.dll
0x00007ffde91c0000 - 0x00007ffde945a000 	C:\WINDOWS\WinSxS\amd64_microsoft.windows.common-controls_6595b64144ccf1df_6.0.19041.844_none_ca00b6081b84eb1d\COMCTL32.dll
0x00007ffe01af0000 - 0x00007ffe01b20000 	C:\WINDOWS\System32\IMM32.DLL
0x00007ffdfaf20000 - 0x00007ffdfaf35000 	C:\Program Files\Java\jdk1.8.0_261\jre\bin\vcruntime140.dll
0x00007ffdd6440000 - 0x00007ffdd64db000 	C:\Program Files\Java\jdk1.8.0_261\jre\bin\msvcp140.dll
0x00000000752b0000 - 0x0000000075b1c000 	C:\Program Files\Java\jdk1.8.0_261\jre\bin\server\jvm.dll
0x00007ffe018d0000 - 0x00007ffe018d8000 	C:\WINDOWS\System32\PSAPI.DLL
0x00007ffdf8fc0000 - 0x00007ffdf8fca000 	C:\WINDOWS\SYSTEM32\VERSION.dll
0x00007ffdfd190000 - 0x00007ffdfd1b7000 	C:\WINDOWS\SYSTEM32\WINMM.dll
0x00007ffdf58c0000 - 0x00007ffdf58c9000 	C:\WINDOWS\SYSTEM32\WSOCK32.dll
0x00007ffe02300000 - 0x00007ffe0236b000 	C:\WINDOWS\System32\WS2_32.dll
0x00007ffdfef20000 - 0x00007ffdfef32000 	C:\WINDOWS\SYSTEM32\kernel.appcore.dll
0x00007ffdfd1c0000 - 0x00007ffdfd1d0000 	C:\Program Files\Java\jdk1.8.0_261\jre\bin\verify.dll
0x00007ffdf1f30000 - 0x00007ffdf1f5b000 	C:\Program Files\Java\jdk1.8.0_261\jre\bin\java.dll
0x00007ffdf8f30000 - 0x00007ffdf8f48000 	C:\Program Files\Java\jdk1.8.0_261\jre\bin\zip.dll
0x00007ffdfebf0000 - 0x00007ffdfedd4000 	C:\WINDOWS\SYSTEM32\dbghelp.dll
0x00007ffe016a0000 - 0x00007ffe01720000 	C:\WINDOWS\System32\bcryptPrimitives.dll

VM Arguments:
java_command: <unknown>
java_class_path (initial): .
Launcher Type: SUN_STANDARD

Environment Variables:
PATH=C:\Program Files (x86)\Common Files\Oracle\Java\javapath;C:\wamp86\bin\php\php7.3.21;C:\Program Files\Java\jdk1.8.0_261\bin;C:\Users\smp\AppData\Roaming\Composer\vendor\bin;C:\Users\smp\composer;C:\WINDOWS\system32;C:\WINDOWS;C:\WINDOWS\System32\Wbem;C:\WINDOWS\System32\WindowsPowerShell\v1.0\;C:\WINDOWS\System32\OpenSSH\;C:\ProgramData\ComposerSetup\bin;C:\Users\smp\Documents\3Aa\flutter_windows_1.22.3-stable\flutter\bin;C:\Program Files\dotnet\;c:\Program Files\Microsoft SQL Server\Client SDK\ODBC\130\Tools\Binn\;c:\Program Files\Microsoft SQL Server\140\DTS\Binn\;C:\Program Files\Git\cmd;c:\ProgramData\ComposerSetup\bin;C:\Users\smp\AppData\Local\Microsoft\WindowsApps;C:\Users\smp\AppData\Local\Programs\Microsoft VS Code\bin;C:\Users\smp\AppData\Roaming\Composer\vendor\bin;C:\composer;C:\Flex Windows\gcc\bin;C:\Flex Windows\Lex\bin;C:\Flex Windows\bison\bin;C:\Users\smp\AppData\Local\GitHubDesktop\bin;
USERNAME=smp
OS=Windows_NT
PROCESSOR_IDENTIFIER=Intel64 Family 6 Model 142 Stepping 9, GenuineIntel



---------------  S Y S T E M  ---------------

OS: Windows 10.0 , 64 bit Build 19041 (10.0.19041.804)

CPU:total 4 (initial active 4) (2 cores per cpu, 2 threads per core) family 6 model 142 stepping 9, cmov, cx8, fxsr, mmx, sse, sse2, sse3, ssse3, sse4.1, sse4.2, popcnt, avx, avx2, aes, clmul, erms, 3dnowpref, lzcnt, ht, tsc, tscinvbit, bmi1, bmi2, adx

Memory: 4k page, physical 8267176k(2035620k free), swap 11048360k(5616k free)

vm_info: Java HotSpot(TM) 64-Bit Server VM (25.261-b12) for windows-amd64 JRE (1.8.0_261-b12), built on Jun 18 2020 06:56:32 by "" with unknown MS VC++:1916

time: Tue Apr 13 20:42:17 2021
timezone: Paris, Madrid
elapsed time: 0 seconds (0d 0h 0m 0s)

