#
# There is insufficient memory for the Java Runtime Environment to continue.
# Native memory allocation (malloc) failed to allocate 1048576 bytes for AllocateHeap
# Possible reasons:
#   The system is out of physical RAM or swap space
#   The process is running with CompressedOops enabled, and the Java Heap may be blocking the growth of the native heap
# Possible solutions:
#   Reduce memory load on the system
#   Increase physical memory or swap space
#   Check if swap backing store is full
#   Decrease Java heap size (-Xmx/-Xms)
#   Decrease number of Java threads
#   Decrease Java thread stack sizes (-Xss)
#   Set larger code cache with -XX:ReservedCodeCacheSize=
#   JVM is running with Unscaled Compressed Oops mode in which the Java heap is
#     placed in the first 4GB address space. The Java Heap base address is the
#     maximum limit for the native heap growth. Please use -XX:HeapBaseMinAddress
#     to set the Java Heap base and to place the Java Heap above 4GB virtual address.
# This output file may be truncated or incomplete.
#
#  Out of Memory Error (memory/allocation.inline.hpp:61), pid=11920, tid=0x0000000000002d0c
#
# JRE version:  (8.0_261-b12) (build )
# Java VM: Java HotSpot(TM) 64-Bit Server VM (25.261-b12 mixed mode windows-amd64 compressed oops)
# Failed to write core dump. Minidumps are not enabled by default on client versions of Windows
#

---------------  T H R E A D  ---------------

Current thread (0x0000021afab84000):  JavaThread "Unknown thread" [_thread_in_vm, id=11532, stack(0x000000d655400000,0x000000d655500000)]

Stack: [0x000000d655400000,0x000000d655500000]
Native frames: (J=compiled Java code, j=interpreted, Vv=VM code, C=native code)
V  [jvm.dll+0x33e5f9]
V  [jvm.dll+0x2850e2]
V  [jvm.dll+0x285d8d]
V  [jvm.dll+0x27c895]
V  [jvm.dll+0x1565d]
V  [jvm.dll+0x3d87f8]
V  [jvm.dll+0x3d94ea]
V  [jvm.dll+0x3d5557]
V  [jvm.dll+0x10c61f]
V  [jvm.dll+0x21a00b]
V  [jvm.dll+0x248687]
V  [jvm.dll+0x172116]
C  [java.exe+0x2312]
C  [java.exe+0x15f64]
C  [KERNEL32.DLL+0x17034]
C  [ntdll.dll+0x52651]


---------------  P R O C E S S  ---------------

Java Threads: ( => current thread )

Other Threads:

=>0x0000021afab84000 (exited) JavaThread "Unknown thread" [_thread_in_vm, id=11532, stack(0x000000d655400000,0x000000d655500000)]

VM state:not at safepoint (normal execution)

VM Mutex/Monitor currently owned by a thread: None

heap address: 0x0000000081c00000, size: 2020 MB, Compressed Oops mode: 32-bit
Narrow klass base: 0x0000000000000000, Narrow klass shift: 3
Compressed class space size: 1073741824 Address: 0x0000000100000000

Heap:
 PSYoungGen      total 38400K, used 665K [0x00000000d5f00000, 0x00000000d8980000, 0x0000000100000000)
  eden space 33280K, 2% used [0x00000000d5f00000,0x00000000d5fa6670,0x00000000d7f80000)
  from space 5120K, 0% used [0x00000000d8480000,0x00000000d8480000,0x00000000d8980000)
  to   space 5120K, 0% used [0x00000000d7f80000,0x00000000d7f80000,0x00000000d8480000)
 ParOldGen       total 87552K, used 0K [0x0000000081c00000, 0x0000000087180000, 0x00000000d5f00000)
  object space 87552K, 0% used [0x0000000081c00000,0x0000000081c00000,0x0000000087180000)
 Metaspace       used 776K, capacity 4480K, committed 4480K, reserved 1056768K
  class space    used 76K, capacity 384K, committed 384K, reserved 1048576K

Card table byte_map: [0x0000021afc8f0000,0x0000021afccf0000] byte_map_base: 0x0000021afc4e2000

Marking Bits: (ParMarkBitMap*) 0x000000005d894fb0
 Begin Bits: [0x0000021a8f000000, 0x0000021a90f90000)
 End Bits:   [0x0000021a90f90000, 0x0000021a92f20000)

Polling page: 0x0000021afaee0000

CodeCache: size=245760Kb used=328Kb max_used=328Kb free=245431Kb
 bounds [0x0000021a80000000, 0x0000021a80270000, 0x0000021a8f000000]
 total_blobs=58 nmethods=0 adapters=38
 compilation: enabled

Compilation events (0 events):
No events

GC Heap History (0 events):
No events

Deoptimization events (0 events):
No events

Classes redefined (0 events):
No events

Internal exceptions (0 events):
No events

Events (10 events):
Event: 0.036 loading class java/lang/Short
Event: 0.036 loading class java/lang/Short done
Event: 0.036 loading class java/lang/Integer
Event: 0.037 loading class java/lang/Integer done
Event: 0.037 loading class java/lang/Long
Event: 0.037 loading class java/lang/Long done
Event: 0.037 loading class java/lang/NullPointerException
Event: 0.037 loading class java/lang/NullPointerException done
Event: 0.037 loading class java/lang/ArithmeticException
Event: 0.037 loading class java/lang/ArithmeticException done


Dynamic libraries:
0x00007ff6b09c0000 - 0x00007ff6b0a07000 	C:\Program Files\Java\jdk1.8.0_261\jre\bin\java.exe
0x00007ffd28d70000 - 0x00007ffd28f65000 	C:\WINDOWS\SYSTEM32\ntdll.dll
0x00007ffd281e0000 - 0x00007ffd2829d000 	C:\WINDOWS\System32\KERNEL32.DLL
0x00007ffd264b0000 - 0x00007ffd26778000 	C:\WINDOWS\System32\KERNELBASE.dll
0x00007ffd26e90000 - 0x00007ffd26f3c000 	C:\WINDOWS\System32\ADVAPI32.dll
0x00007ffd282a0000 - 0x00007ffd2833e000 	C:\WINDOWS\System32\msvcrt.dll
0x00007ffd280c0000 - 0x00007ffd2815b000 	C:\WINDOWS\System32\sechost.dll
0x00007ffd26f80000 - 0x00007ffd270ab000 	C:\WINDOWS\System32\RPCRT4.dll
0x00007ffd28340000 - 0x00007ffd284e0000 	C:\WINDOWS\System32\USER32.dll
0x00007ffd269e0000 - 0x00007ffd26a02000 	C:\WINDOWS\System32\win32u.dll
0x00007ffd27a60000 - 0x00007ffd27a8a000 	C:\WINDOWS\System32\GDI32.dll
0x00007ffd26830000 - 0x00007ffd2693b000 	C:\WINDOWS\System32\gdi32full.dll
0x00007ffd26940000 - 0x00007ffd269dd000 	C:\WINDOWS\System32\msvcp_win.dll
0x00007ffd26ca0000 - 0x00007ffd26da0000 	C:\WINDOWS\System32\ucrtbase.dll
0x00007ffd1e8c0000 - 0x00007ffd1eb5a000 	C:\WINDOWS\WinSxS\amd64_microsoft.windows.common-controls_6595b64144ccf1df_6.0.19041.844_none_ca00b6081b84eb1d\COMCTL32.dll
0x00007ffd26f40000 - 0x00007ffd26f70000 	C:\WINDOWS\System32\IMM32.DLL
0x00007ffd1ce10000 - 0x00007ffd1ce25000 	C:\Program Files\Java\jdk1.8.0_261\jre\bin\vcruntime140.dll
0x00007ffce3780000 - 0x00007ffce381b000 	C:\Program Files\Java\jdk1.8.0_261\jre\bin\msvcp140.dll
0x000000005d0a0000 - 0x000000005d90c000 	C:\Program Files\Java\jdk1.8.0_261\jre\bin\server\jvm.dll
0x00007ffd26f70000 - 0x00007ffd26f78000 	C:\WINDOWS\System32\PSAPI.DLL
0x00007ffd1a840000 - 0x00007ffd1a849000 	C:\WINDOWS\SYSTEM32\WSOCK32.dll
0x00007ffd1ad10000 - 0x00007ffd1ad37000 	C:\WINDOWS\SYSTEM32\WINMM.dll
0x00007ffd1d200000 - 0x00007ffd1d20a000 	C:\WINDOWS\SYSTEM32\VERSION.dll
0x00007ffd27f90000 - 0x00007ffd27ffb000 	C:\WINDOWS\System32\WS2_32.dll
0x00007ffd250d0000 - 0x00007ffd250e2000 	C:\WINDOWS\SYSTEM32\kernel.appcore.dll
0x00007ffd23060000 - 0x00007ffd23070000 	C:\Program Files\Java\jdk1.8.0_261\jre\bin\verify.dll
0x00007ffd15050000 - 0x00007ffd1507b000 	C:\Program Files\Java\jdk1.8.0_261\jre\bin\java.dll
0x00007ffd1cb20000 - 0x00007ffd1cb38000 	C:\Program Files\Java\jdk1.8.0_261\jre\bin\zip.dll
0x00007ffd24a80000 - 0x00007ffd24c64000 	C:\WINDOWS\SYSTEM32\dbghelp.dll
0x00007ffd26bd0000 - 0x00007ffd26c50000 	C:\WINDOWS\System32\bcryptPrimitives.dll

VM Arguments:
java_command: <unknown>
java_class_path (initial): .
Launcher Type: SUN_STANDARD

Environment Variables:
PATH=C:\Program Files (x86)\Common Files\Oracle\Java\javapath;C:\wamp86\bin\php\php7.3.21;C:\Program Files\Java\jdk1.8.0_261\bin;C:\Users\smp\AppData\Roaming\Composer\vendor\bin;C:\Users\smp\composer;C:\WINDOWS\system32;C:\WINDOWS;C:\WINDOWS\System32\Wbem;C:\WINDOWS\System32\WindowsPowerShell\v1.0\;C:\WINDOWS\System32\OpenSSH\;C:\ProgramData\ComposerSetup\bin;C:\Users\smp\Documents\3Aa\flutter_windows_1.22.3-stable\flutter\bin;C:\Program Files\dotnet\;c:\Program Files\Microsoft SQL Server\Client SDK\ODBC\130\Tools\Binn\;c:\Program Files\Microsoft SQL Server\140\DTS\Binn\;C:\Program Files\Git\cmd;c:\ProgramData\ComposerSetup\bin;C:\Users\smp\AppData\Local\Microsoft\WindowsApps;C:\Users\smp\AppData\Local\Programs\Microsoft VS Code\bin;C:\composer;C:\Flex Windows\gcc\bin;C:\Flex Windows\Lex\bin;C:\Flex Windows\bison\bin;C:\Users\smp\AppData\Local\GitHubDesktop\bin
USERNAME=smp
OS=Windows_NT
PROCESSOR_IDENTIFIER=Intel64 Family 6 Model 142 Stepping 9, GenuineIntel



---------------  S Y S T E M  ---------------

OS: Windows 10.0 , 64 bit Build 19041 (10.0.19041.928)

CPU:total 4 (initial active 4) (2 cores per cpu, 2 threads per core) family 6 model 142 stepping 9, cmov, cx8, fxsr, mmx, sse, sse2, sse3, ssse3, sse4.1, sse4.2, popcnt, avx, avx2, aes, clmul, erms, 3dnowpref, lzcnt, ht, tsc, tscinvbit, bmi1, bmi2, adx

Memory: 4k page, physical 8267176k(2167244k free), swap 11048360k(5156k free)

vm_info: Java HotSpot(TM) 64-Bit Server VM (25.261-b12) for windows-amd64 JRE (1.8.0_261-b12), built on Jun 18 2020 06:56:32 by "" with unknown MS VC++:1916

time: Wed Apr 21 21:45:21 2021
timezone: Paris, Madrid
elapsed time: 0 seconds (0d 0h 0m 0s)

