#
# There is insufficient memory for the Java Runtime Environment to continue.
# Native memory allocation (malloc) failed to allocate 1048576 bytes for AllocateHeap
# Possible reasons:
#   The system is out of physical RAM or swap space
#   The process is running with CompressedOops enabled, and the Java Heap may be blocking the growth of the native heap
# Possible solutions:
#   Reduce memory load on the system
#   Increase physical memory or swap space
#   Check if swap backing store is full
#   Decrease Java heap size (-Xmx/-Xms)
#   Decrease number of Java threads
#   Decrease Java thread stack sizes (-Xss)
#   Set larger code cache with -XX:ReservedCodeCacheSize=
#   JVM is running with Unscaled Compressed Oops mode in which the Java heap is
#     placed in the first 4GB address space. The Java Heap base address is the
#     maximum limit for the native heap growth. Please use -XX:HeapBaseMinAddress
#     to set the Java Heap base and to place the Java Heap above 4GB virtual address.
# This output file may be truncated or incomplete.
#
#  Out of Memory Error (memory/allocation.inline.hpp:61), pid=19260, tid=0x0000000000001438
#
# JRE version:  (8.0_261-b12) (build )
# Java VM: Java HotSpot(TM) 64-Bit Server VM (25.261-b12 mixed mode windows-amd64 compressed oops)
# Failed to write core dump. Minidumps are not enabled by default on client versions of Windows
#

---------------  T H R E A D  ---------------

Current thread (0x0000026ce444e800):  JavaThread "Unknown thread" [_thread_in_vm, id=5176, stack(0x000000f78ea00000,0x000000f78eb00000)]

Stack: [0x000000f78ea00000,0x000000f78eb00000]
Native frames: (J=compiled Java code, j=interpreted, Vv=VM code, C=native code)
V  [jvm.dll+0x33e5f9]
V  [jvm.dll+0x2850e2]
V  [jvm.dll+0x285d8d]
V  [jvm.dll+0x27c895]
V  [jvm.dll+0x1565d]
V  [jvm.dll+0x3d9117]
V  [jvm.dll+0x3d5557]
V  [jvm.dll+0x10c61f]
V  [jvm.dll+0x21a00b]
V  [jvm.dll+0x248687]
V  [jvm.dll+0x172116]
C  [java.exe+0x2312]
C  [java.exe+0x15f64]
C  [KERNEL32.DLL+0x17034]
C  [ntdll.dll+0x52651]


---------------  P R O C E S S  ---------------

Java Threads: ( => current thread )

Other Threads:

=>0x0000026ce444e800 (exited) JavaThread "Unknown thread" [_thread_in_vm, id=5176, stack(0x000000f78ea00000,0x000000f78eb00000)]

VM state:not at safepoint (normal execution)

VM Mutex/Monitor currently owned by a thread: None

heap address: 0x0000000081c00000, size: 2020 MB, Compressed Oops mode: 32-bit
Narrow klass base: 0x0000000000000000, Narrow klass shift: 3
Compressed class space size: 1073741824 Address: 0x0000000100000000

Heap:
 PSYoungGen      total 38400K, used 665K [0x00000000d5f00000, 0x00000000d8980000, 0x0000000100000000)
  eden space 33280K, 2% used [0x00000000d5f00000,0x00000000d5fa6670,0x00000000d7f80000)
  from space 5120K, 0% used [0x00000000d8480000,0x00000000d8480000,0x00000000d8980000)
  to   space 5120K, 0% used [0x00000000d7f80000,0x00000000d7f80000,0x00000000d8480000)
 ParOldGen       total 87552K, used 0K [0x0000000081c00000, 0x0000000087180000, 0x00000000d5f00000)
  object space 87552K, 0% used [0x0000000081c00000,0x0000000081c00000,0x0000000087180000)
 Metaspace       used 786K, capacity 1156K, committed 1408K, reserved 1060864K
  class space    used 76K, capacity 384K, committed 384K, reserved 1048576K

Card table byte_map: [0x0000026cf5150000,0x0000026cf5550000] byte_map_base: 0x0000026cf4d42000

Marking Bits: (ParMarkBitMap*) 0x000000005a084fb0
 Begin Bits: [0x0000026cf5800000, 0x0000026cf7790000)
 End Bits:   [0x0000026cf7790000, 0x0000026cf9720000)

Polling page: 0x0000026ce4580000

CodeCache: size=245760Kb used=328Kb max_used=328Kb free=245431Kb
 bounds [0x0000026ce5d90000, 0x0000026ce6000000, 0x0000026cf4d90000]
 total_blobs=58 nmethods=0 adapters=38
 compilation: enabled

Compilation events (0 events):
No events

GC Heap History (0 events):
No events

Deoptimization events (0 events):
No events

Classes redefined (0 events):
No events

Internal exceptions (0 events):
No events

Events (10 events):
Event: 0.024 loading class java/lang/Short
Event: 0.024 loading class java/lang/Short done
Event: 0.024 loading class java/lang/Integer
Event: 0.024 loading class java/lang/Integer done
Event: 0.024 loading class java/lang/Long
Event: 0.024 loading class java/lang/Long done
Event: 0.025 loading class java/lang/NullPointerException
Event: 0.025 loading class java/lang/NullPointerException done
Event: 0.025 loading class java/lang/ArithmeticException
Event: 0.025 loading class java/lang/ArithmeticException done


Dynamic libraries:
0x00007ff6f1b90000 - 0x00007ff6f1bd7000 	C:\Program Files\Java\jdk1.8.0_261\bin\java.exe
0x00007ffdb50d0000 - 0x00007ffdb52c5000 	C:\WINDOWS\SYSTEM32\ntdll.dll
0x00007ffdb38f0000 - 0x00007ffdb39ad000 	C:\WINDOWS\System32\KERNEL32.DLL
0x00007ffdb2d00000 - 0x00007ffdb2fc9000 	C:\WINDOWS\System32\KERNELBASE.dll
0x00007ffdb4390000 - 0x00007ffdb443c000 	C:\WINDOWS\System32\ADVAPI32.dll
0x00007ffdb39b0000 - 0x00007ffdb3a4e000 	C:\WINDOWS\System32\msvcrt.dll
0x00007ffdb3720000 - 0x00007ffdb37bc000 	C:\WINDOWS\System32\sechost.dll
0x00007ffdb3d20000 - 0x00007ffdb3e4b000 	C:\WINDOWS\System32\RPCRT4.dll
0x00007ffdb44a0000 - 0x00007ffdb4640000 	C:\WINDOWS\System32\USER32.dll
0x00007ffdb3100000 - 0x00007ffdb3122000 	C:\WINDOWS\System32\win32u.dll
0x00007ffdb41b0000 - 0x00007ffdb41da000 	C:\WINDOWS\System32\GDI32.dll
0x00007ffdb2a30000 - 0x00007ffdb2b3b000 	C:\WINDOWS\System32\gdi32full.dll
0x00007ffdb2810000 - 0x00007ffdb28ad000 	C:\WINDOWS\System32\msvcp_win.dll
0x00007ffdb28b0000 - 0x00007ffdb29b0000 	C:\WINDOWS\System32\ucrtbase.dll
0x00007ffd7a780000 - 0x00007ffd7aa1a000 	C:\WINDOWS\WinSxS\amd64_microsoft.windows.common-controls_6595b64144ccf1df_6.0.19041.844_none_ca00b6081b84eb1d\COMCTL32.dll
0x00007ffdb3260000 - 0x00007ffdb3290000 	C:\WINDOWS\System32\IMM32.DLL
0x00007ffda6e10000 - 0x00007ffda6e25000 	C:\Program Files\Java\jdk1.8.0_261\jre\bin\vcruntime140.dll
0x00007ffd88110000 - 0x00007ffd881ab000 	C:\Program Files\Java\jdk1.8.0_261\jre\bin\msvcp140.dll
0x0000000059890000 - 0x000000005a0fc000 	C:\Program Files\Java\jdk1.8.0_261\jre\bin\server\jvm.dll
0x00007ffdb3290000 - 0x00007ffdb3298000 	C:\WINDOWS\System32\PSAPI.DLL
0x00007ffda63f0000 - 0x00007ffda6417000 	C:\WINDOWS\SYSTEM32\WINMM.dll
0x00007ffdaa4f0000 - 0x00007ffdaa4fa000 	C:\WINDOWS\SYSTEM32\VERSION.dll
0x00007ffda6000000 - 0x00007ffda6009000 	C:\WINDOWS\SYSTEM32\WSOCK32.dll
0x00007ffdb3cb0000 - 0x00007ffdb3d1b000 	C:\WINDOWS\System32\WS2_32.dll
0x00007ffdb1400000 - 0x00007ffdb1412000 	C:\WINDOWS\SYSTEM32\kernel.appcore.dll
0x00007ffda9730000 - 0x00007ffda9740000 	C:\Program Files\Java\jdk1.8.0_261\jre\bin\verify.dll
0x00007ffd94330000 - 0x00007ffd9435b000 	C:\Program Files\Java\jdk1.8.0_261\jre\bin\java.dll
0x00007ffda6dc0000 - 0x00007ffda6dd8000 	C:\Program Files\Java\jdk1.8.0_261\jre\bin\zip.dll
0x00007ffdb0db0000 - 0x00007ffdb0f94000 	C:\WINDOWS\SYSTEM32\dbghelp.dll
0x00007ffdb29b0000 - 0x00007ffdb2a30000 	C:\WINDOWS\System32\bcryptPrimitives.dll

VM Arguments:
java_command: <unknown>
java_class_path (initial): .
Launcher Type: SUN_STANDARD

Environment Variables:
PATH=C:\Program Files (x86)\Common Files\Oracle\Java\javapath;C:\wamp86\bin\php\php7.3.21;C:\Program Files\Java\jdk1.8.0_261\bin;C:\Users\smp\AppData\Roaming\Composer\vendor\bin;C:\Users\smp\composer;C:\WINDOWS\system32;C:\WINDOWS;C:\WINDOWS\System32\Wbem;C:\WINDOWS\System32\WindowsPowerShell\v1.0\;C:\WINDOWS\System32\OpenSSH\;C:\ProgramData\ComposerSetup\bin;C:\Users\smp\Documents\3Aa\flutter_windows_1.22.3-stable\flutter\bin;C:\Program Files\dotnet\;c:\Program Files\Microsoft SQL Server\Client SDK\ODBC\130\Tools\Binn\;c:\Program Files\Microsoft SQL Server\140\DTS\Binn\;C:\Program Files\Git\cmd;c:\ProgramData\ComposerSetup\bin;C:\Users\smp\AppData\Local\Microsoft\WindowsApps;C:\Users\smp\AppData\Local\Programs\Microsoft VS Code\bin;C:\Users\smp\AppData\Roaming\Composer\vendor\bin;C:\composer;C:\Flex Windows\gcc\bin;C:\Flex Windows\Lex\bin;C:\Flex Windows\bison\bin;C:\Users\smp\AppData\Local\GitHubDesktop\bin;
USERNAME=smp
OS=Windows_NT
PROCESSOR_IDENTIFIER=Intel64 Family 6 Model 142 Stepping 9, GenuineIntel



---------------  S Y S T E M  ---------------

OS: Windows 10.0 , 64 bit Build 19041 (10.0.19041.804)

CPU:total 4 (initial active 4) (2 cores per cpu, 2 threads per core) family 6 model 142 stepping 9, cmov, cx8, fxsr, mmx, sse, sse2, sse3, ssse3, sse4.1, sse4.2, popcnt, avx, avx2, aes, clmul, erms, 3dnowpref, lzcnt, ht, tsc, tscinvbit, bmi1, bmi2, adx

Memory: 4k page, physical 8267176k(1028164k free), swap 11048360k(8492k free)

vm_info: Java HotSpot(TM) 64-Bit Server VM (25.261-b12) for windows-amd64 JRE (1.8.0_261-b12), built on Jun 18 2020 06:56:32 by "" with unknown MS VC++:1916

time: Wed Apr 14 22:49:12 2021
timezone: Paris, Madrid
elapsed time: 0 seconds (0d 0h 0m 0s)

