#
# There is insufficient memory for the Java Runtime Environment to continue.
# Native memory allocation (malloc) failed to allocate 1667248 bytes for Chunk::new
# Possible reasons:
#   The system is out of physical RAM or swap space
#   The process is running with CompressedOops enabled, and the Java Heap may be blocking the growth of the native heap
# Possible solutions:
#   Reduce memory load on the system
#   Increase physical memory or swap space
#   Check if swap backing store is full
#   Decrease Java heap size (-Xmx/-Xms)
#   Decrease number of Java threads
#   Decrease Java thread stack sizes (-Xss)
#   Set larger code cache with -XX:ReservedCodeCacheSize=
#   JVM is running with Unscaled Compressed Oops mode in which the Java heap is
#     placed in the first 4GB address space. The Java Heap base address is the
#     maximum limit for the native heap growth. Please use -XX:HeapBaseMinAddress
#     to set the Java Heap base and to place the Java Heap above 4GB virtual address.
# This output file may be truncated or incomplete.
#
#  Out of Memory Error (allocation.cpp:389), pid=5404, tid=0x0000000000000844
#
# JRE version: Java(TM) SE Runtime Environment (8.0_261-b12) (build 1.8.0_261-b12)
# Java VM: Java HotSpot(TM) 64-Bit Server VM (25.261-b12 mixed mode windows-amd64 compressed oops)
# Failed to write core dump. Minidumps are not enabled by default on client versions of Windows
#

---------------  T H R E A D  ---------------

Current thread (0x000002d0db4f7000):  JavaThread "C2 CompilerThread0" daemon [_thread_in_native, id=2116, stack(0x000000eef9300000,0x000000eef9400000)]

Stack: [0x000000eef9300000,0x000000eef9400000]
Native frames: (J=compiled Java code, j=interpreted, Vv=VM code, C=native code)
V  [jvm.dll+0x33e5f9]


Current CompileTask:
C2:   5687 2674   !   4       javafx.scene.CssStyleHelper::lookup (567 bytes)


---------------  P R O C E S S  ---------------

Java Threads: ( => current thread )
  0x000002d0dd00e800 JavaThread "Prism Font Disposer" daemon [_thread_blocked, id=11880, stack(0x000000eefa400000,0x000000eefa500000)]
  0x000002d0dcc5b800 JavaThread "Abandoned connection cleanup thread" daemon [_thread_blocked, id=10540, stack(0x000000eefa000000,0x000000eefa100000)]
  0x000002d0dcaa1000 JavaThread "Thread-3" daemon [_thread_in_native, id=7132, stack(0x000000eef9e00000,0x000000eef9f00000)]
  0x000002d0dca1f000 JavaThread "JavaFX-Launcher" [_thread_blocked, id=14528, stack(0x000000eef9f00000,0x000000eefa000000)]
  0x000002d0dc4d3800 JavaThread "JavaFX Application Thread" [_thread_in_native, id=15228, stack(0x000000eef9a00000,0x000000eef9b00000)]
  0x000002d0dc4cd800 JavaThread "Thread-1" daemon [_thread_blocked, id=13012, stack(0x000000eef9900000,0x000000eef9a00000)]
  0x000002d0dc454000 JavaThread "QuantumRenderer-0" daemon [_thread_blocked, id=10396, stack(0x000000eef9800000,0x000000eef9900000)]
  0x000002d0db56e000 JavaThread "Service Thread" daemon [_thread_blocked, id=11288, stack(0x000000eef9600000,0x000000eef9700000)]
  0x000002d0db504000 JavaThread "C1 CompilerThread2" daemon [_thread_blocked, id=14768, stack(0x000000eef9500000,0x000000eef9600000)]
  0x000002d0db4fa800 JavaThread "C2 CompilerThread1" daemon [_thread_in_native, id=14968, stack(0x000000eef9400000,0x000000eef9500000)]
=>0x000002d0db4f7000 JavaThread "C2 CompilerThread0" daemon [_thread_in_native, id=2116, stack(0x000000eef9300000,0x000000eef9400000)]
  0x000002d0db4f5800 JavaThread "Attach Listener" daemon [_thread_blocked, id=2340, stack(0x000000eef9200000,0x000000eef9300000)]
  0x000002d0db4f4800 JavaThread "Signal Dispatcher" daemon [_thread_blocked, id=5992, stack(0x000000eef9100000,0x000000eef9200000)]
  0x000002d0c5069000 JavaThread "Finalizer" daemon [_thread_blocked, id=3112, stack(0x000000eef9000000,0x000000eef9100000)]
  0x000002d0db4d5800 JavaThread "Reference Handler" daemon [_thread_blocked, id=7296, stack(0x000000eef8f00000,0x000000eef9000000)]
  0x000002d0c4dd1000 JavaThread "main" [_thread_blocked, id=9780, stack(0x000000eef8900000,0x000000eef8a00000)]

Other Threads:
  0x000002d0db4b4000 VMThread [stack: 0x000000eef8e00000,0x000000eef8f00000] [id=6432]
  0x000002d0db59b000 WatcherThread [stack: 0x000000eef9700000,0x000000eef9800000] [id=7192]

VM state:not at safepoint (normal execution)

VM Mutex/Monitor currently owned by a thread: None

heap address: 0x0000000081c00000, size: 2020 MB, Compressed Oops mode: 32-bit
Narrow klass base: 0x0000000000000000, Narrow klass shift: 3
Compressed class space size: 1073741824 Address: 0x0000000100000000

Heap:
 PSYoungGen      total 38400K, used 10782K [0x00000000d5f00000, 0x00000000d8980000, 0x0000000100000000)
  eden space 33280K, 32% used [0x00000000d5f00000,0x00000000d6987b58,0x00000000d7f80000)
  from space 5120K, 0% used [0x00000000d8480000,0x00000000d8480000,0x00000000d8980000)
  to   space 5120K, 0% used [0x00000000d7f80000,0x00000000d7f80000,0x00000000d8480000)
 ParOldGen       total 79872K, used 11358K [0x0000000081c00000, 0x0000000086a00000, 0x00000000d5f00000)
  object space 79872K, 14% used [0x0000000081c00000,0x0000000082717940,0x0000000086a00000)
 Metaspace       used 21903K, capacity 23194K, committed 23296K, reserved 1069056K
  class space    used 3043K, capacity 3317K, committed 3328K, reserved 1048576K

Card table byte_map: [0x000002d0d5be0000,0x000002d0d5fe0000] byte_map_base: 0x000002d0d57d2000

Marking Bits: (ParMarkBitMap*) 0x0000000075aa4fb0
 Begin Bits: [0x000002d0d6290000, 0x000002d0d8220000)
 End Bits:   [0x000002d0d8220000, 0x000002d0da1b0000)

Polling page: 0x000002d0c4f10000

CodeCache: size=245760Kb used=8895Kb max_used=8895Kb free=236864Kb
 bounds [0x000002d0c6820000, 0x000002d0c70e0000, 0x000002d0d5820000]
 total_blobs=3556 nmethods=2828 adapters=638
 compilation: enabled

Compilation events (10 events):
Event: 5.652 Thread 0x000002d0db504000 2832       3       javafx.scene.input.InputEvent::<init> (8 bytes)
Event: 5.652 Thread 0x000002d0db504000 nmethod 2832 0x000002d0c70c6950 code [0x000002d0c70c6ac0, 0x000002d0c70c6c50]
Event: 5.652 Thread 0x000002d0db504000 2833       3       javafx.scene.input.MouseEvent::<init> (41 bytes)
Event: 5.652 Thread 0x000002d0db504000 nmethod 2833 0x000002d0c70c6d10 code [0x000002d0c70c6e80, 0x000002d0c70c7110]
Event: 5.673 Thread 0x000002d0db504000 2834       3       java.util.EnumMap$ValueIterator::next (50 bytes)
Event: 5.673 Thread 0x000002d0db504000 nmethod 2834 0x000002d0c70c7210 code [0x000002d0c70c73c0, 0x000002d0c70c7840]
Event: 5.673 Thread 0x000002d0db504000 2835       3       java.util.EnumMap::access$1200 (6 bytes)
Event: 5.674 Thread 0x000002d0db504000 nmethod 2835 0x000002d0c70c7a50 code [0x000002d0c70c7bc0, 0x000002d0c70c7db8]
Event: 5.674 Thread 0x000002d0db504000 2836       3       javafx.scene.Scene$ClickCounter::out (10 bytes)
Event: 5.674 Thread 0x000002d0db504000 nmethod 2836 0x000002d0c70c7e90 code [0x000002d0c70c8000, 0x000002d0c70c82d0]

GC Heap History (6 events):
Event: 1.298 GC heap before
{Heap before GC invocations=1 (full 0):
 PSYoungGen      total 38400K, used 33280K [0x00000000d5f00000, 0x00000000d8980000, 0x0000000100000000)
  eden space 33280K, 100% used [0x00000000d5f00000,0x00000000d7f80000,0x00000000d7f80000)
  from space 5120K, 0% used [0x00000000d8480000,0x00000000d8480000,0x00000000d8980000)
  to   space 5120K, 0% used [0x00000000d7f80000,0x00000000d7f80000,0x00000000d8480000)
 ParOldGen       total 87552K, used 0K [0x0000000081c00000, 0x0000000087180000, 0x00000000d5f00000)
  object space 87552K, 0% used [0x0000000081c00000,0x0000000081c00000,0x0000000087180000)
 Metaspace       used 16642K, capacity 17358K, committed 17536K, reserved 1064960K
  class space    used 2224K, capacity 2431K, committed 2432K, reserved 1048576K
Event: 1.305 GC heap after
Heap after GC invocations=1 (full 0):
 PSYoungGen      total 38400K, used 5109K [0x00000000d5f00000, 0x00000000d8980000, 0x0000000100000000)
  eden space 33280K, 0% used [0x00000000d5f00000,0x00000000d5f00000,0x00000000d7f80000)
  from space 5120K, 99% used [0x00000000d7f80000,0x00000000d847d598,0x00000000d8480000)
  to   space 5120K, 0% used [0x00000000d8480000,0x00000000d8480000,0x00000000d8980000)
 ParOldGen       total 87552K, used 588K [0x0000000081c00000, 0x0000000087180000, 0x00000000d5f00000)
  object space 87552K, 0% used [0x0000000081c00000,0x0000000081c93320,0x0000000087180000)
 Metaspace       used 16642K, capacity 17358K, committed 17536K, reserved 1064960K
  class space    used 2224K, capacity 2431K, committed 2432K, reserved 1048576K
}
Event: 2.395 GC heap before
{Heap before GC invocations=2 (full 0):
 PSYoungGen      total 38400K, used 25647K [0x00000000d5f00000, 0x00000000d8980000, 0x0000000100000000)
  eden space 33280K, 61% used [0x00000000d5f00000,0x00000000d730e878,0x00000000d7f80000)
  from space 5120K, 99% used [0x00000000d7f80000,0x00000000d847d598,0x00000000d8480000)
  to   space 5120K, 0% used [0x00000000d8480000,0x00000000d8480000,0x00000000d8980000)
 ParOldGen       total 87552K, used 588K [0x0000000081c00000, 0x0000000087180000, 0x00000000d5f00000)
  object space 87552K, 0% used [0x0000000081c00000,0x0000000081c93320,0x0000000087180000)
 Metaspace       used 20116K, capacity 21128K, committed 21248K, reserved 1067008K
  class space    used 2743K, capacity 3004K, committed 3072K, reserved 1048576K
Event: 2.409 GC heap after
Heap after GC invocations=2 (full 0):
 PSYoungGen      total 38400K, used 5088K [0x00000000d5f00000, 0x00000000d8980000, 0x0000000100000000)
  eden space 33280K, 0% used [0x00000000d5f00000,0x00000000d5f00000,0x00000000d7f80000)
  from space 5120K, 99% used [0x00000000d8480000,0x00000000d8978090,0x00000000d8980000)
  to   space 5120K, 0% used [0x00000000d7f80000,0x00000000d7f80000,0x00000000d8480000)
 ParOldGen       total 87552K, used 7411K [0x0000000081c00000, 0x0000000087180000, 0x00000000d5f00000)
  object space 87552K, 8% used [0x0000000081c00000,0x000000008233ce48,0x0000000087180000)
 Metaspace       used 20116K, capacity 21128K, committed 21248K, reserved 1067008K
  class space    used 2743K, capacity 3004K, committed 3072K, reserved 1048576K
}
Event: 2.409 GC heap before
{Heap before GC invocations=3 (full 1):
 PSYoungGen      total 38400K, used 5088K [0x00000000d5f00000, 0x00000000d8980000, 0x0000000100000000)
  eden space 33280K, 0% used [0x00000000d5f00000,0x00000000d5f00000,0x00000000d7f80000)
  from space 5120K, 99% used [0x00000000d8480000,0x00000000d8978090,0x00000000d8980000)
  to   space 5120K, 0% used [0x00000000d7f80000,0x00000000d7f80000,0x00000000d8480000)
 ParOldGen       total 87552K, used 7411K [0x0000000081c00000, 0x0000000087180000, 0x00000000d5f00000)
  object space 87552K, 8% used [0x0000000081c00000,0x000000008233ce48,0x0000000087180000)
 Metaspace       used 20116K, capacity 21128K, committed 21248K, reserved 1067008K
  class space    used 2743K, capacity 3004K, committed 3072K, reserved 1048576K
Event: 2.488 GC heap after
Heap after GC invocations=3 (full 1):
 PSYoungGen      total 38400K, used 0K [0x00000000d5f00000, 0x00000000d8980000, 0x0000000100000000)
  eden space 33280K, 0% used [0x00000000d5f00000,0x00000000d5f00000,0x00000000d7f80000)
  from space 5120K, 0% used [0x00000000d8480000,0x00000000d8480000,0x00000000d8980000)
  to   space 5120K, 0% used [0x00000000d7f80000,0x00000000d7f80000,0x00000000d8480000)
 ParOldGen       total 79872K, used 11358K [0x0000000081c00000, 0x0000000086a00000, 0x00000000d5f00000)
  object space 79872K, 14% used [0x0000000081c00000,0x0000000082717940,0x0000000086a00000)
 Metaspace       used 20116K, capacity 21128K, committed 21248K, reserved 1067008K
  class space    used 2743K, capacity 3004K, committed 3072K, reserved 1048576K
}

Deoptimization events (10 events):
Event: 4.464 Thread 0x000002d0dc4d3800 Uncommon trap: reason=class_check action=maybe_recompile pc=0x000002d0c6e6d1c4 method=javafx.beans.property.BooleanPropertyBase.get()Z @ 23
Event: 4.490 Thread 0x000002d0dc4d3800 Uncommon trap: reason=bimorphic action=maybe_recompile pc=0x000002d0c6ec1808 method=javafx.beans.property.BooleanPropertyBase.get()Z @ 23
Event: 4.490 Thread 0x000002d0dc4d3800 Uncommon trap: reason=bimorphic action=maybe_recompile pc=0x000002d0c6ec1808 method=javafx.beans.property.BooleanPropertyBase.get()Z @ 23
Event: 4.504 Thread 0x000002d0dc4d3800 Uncommon trap: reason=unstable_if action=reinterpret pc=0x000002d0c6e7d1b4 method=com.sun.javafx.css.ParsedValueImpl.containsFontRelativeSize(Ljavafx/css/ParsedValue;Z)Z @ 193
Event: 4.539 Thread 0x000002d0dc4d3800 Uncommon trap: reason=bimorphic action=maybe_recompile pc=0x000002d0c7028464 method=javafx.scene.Node.impl_geomChanged()V @ 37
Event: 4.539 Thread 0x000002d0dc4d3800 Uncommon trap: reason=unstable_if action=reinterpret pc=0x000002d0c703504c method=javafx.scene.Node.transformedBoundsChanged()V @ 4
Event: 4.539 Thread 0x000002d0dc4d3800 Uncommon trap: reason=bimorphic action=maybe_recompile pc=0x000002d0c7028464 method=javafx.scene.Node.impl_geomChanged()V @ 37
Event: 4.557 Thread 0x000002d0dc4d3800 Uncommon trap: reason=bimorphic action=maybe_recompile pc=0x000002d0c7028464 method=javafx.scene.Node.impl_geomChanged()V @ 37
Event: 4.557 Thread 0x000002d0dc4d3800 Uncommon trap: reason=bimorphic action=maybe_recompile pc=0x000002d0c7028464 method=javafx.scene.Node.impl_geomChanged()V @ 37
Event: 4.624 Thread 0x000002d0dc454000 Uncommon trap: reason=class_check action=maybe_recompile pc=0x000002d0c6f60e8c method=java.util.concurrent.ConcurrentHashMap.putVal(Ljava/lang/Object;Ljava/lang/Object;Z)Ljava/lang/Object; @ 192

Classes redefined (0 events):
No events

Internal exceptions (10 events):
Event: 0.568 Thread 0x000002d0dc4d3800 Exception <a 'java/lang/ArrayIndexOutOfBoundsException': 57> (0x00000000d6dab5f0) thrown at [C:\jenkins\workspace\8-2-build-windows-amd64-cygwin\jdk8u261\295\hotspot\src\share\vm\interpreter\interpreterRuntime.cpp, line 368]
Event: 0.569 Thread 0x000002d0dc4d3800 Exception <a 'java/lang/ArrayIndexOutOfBoundsException': 18> (0x00000000d6dac468) thrown at [C:\jenkins\workspace\8-2-build-windows-amd64-cygwin\jdk8u261\295\hotspot\src\share\vm\interpreter\interpreterRuntime.cpp, line 368]
Event: 0.569 Thread 0x000002d0dc4d3800 Exception <a 'java/lang/ArrayIndexOutOfBoundsException': 86> (0x00000000d6dad810) thrown at [C:\jenkins\workspace\8-2-build-windows-amd64-cygwin\jdk8u261\295\hotspot\src\share\vm\interpreter\interpreterRuntime.cpp, line 368]
Event: 0.720 Thread 0x000002d0dc4d3800 Exception <a 'java/lang/ArrayIndexOutOfBoundsException'> (0x00000000d7244060) thrown at [C:\jenkins\workspace\8-2-build-windows-amd64-cygwin\jdk8u261\295\hotspot\src\share\vm\runtime\sharedRuntime.cpp, line 605]
Event: 0.720 Thread 0x000002d0dc4d3800 Exception <a 'java/lang/ArrayIndexOutOfBoundsException'> (0x00000000d7245060) thrown at [C:\jenkins\workspace\8-2-build-windows-amd64-cygwin\jdk8u261\295\hotspot\src\share\vm\runtime\sharedRuntime.cpp, line 605]
Event: 0.720 Thread 0x000002d0dc4d3800 Exception <a 'java/lang/ArrayIndexOutOfBoundsException'> (0x00000000d72468d0) thrown at [C:\jenkins\workspace\8-2-build-windows-amd64-cygwin\jdk8u261\295\hotspot\src\share\vm\runtime\sharedRuntime.cpp, line 605]
Event: 0.734 Thread 0x000002d0dc4d3800 Exception <a 'java/lang/ArrayIndexOutOfBoundsException'> (0x00000000d726ada8) thrown at [C:\jenkins\workspace\8-2-build-windows-amd64-cygwin\jdk8u261\295\hotspot\src\share\vm\runtime\sharedRuntime.cpp, line 605]
Event: 0.747 Thread 0x000002d0dc4d3800 Exception <a 'java/lang/ArrayIndexOutOfBoundsException'> (0x00000000d72b8ac8) thrown at [C:\jenkins\workspace\8-2-build-windows-amd64-cygwin\jdk8u261\295\hotspot\src\share\vm\runtime\sharedRuntime.cpp, line 605]
Event: 0.756 Thread 0x000002d0dc4d3800 Implicit null exception at 0x000002d0c6ae8416 to 0x000002d0c6ae87c1
Event: 1.288 Thread 0x000002d0dc4d3800 Implicit null exception at 0x000002d0c6af7b35 to 0x000002d0c6af7d45

Events (10 events):
Event: 4.624 Thread 0x000002d0dc454000 DEOPT PACKING pc=0x000002d0c6f60e8c sp=0x000000eef98fe170
Event: 4.624 Thread 0x000002d0dc454000 DEOPT UNPACKING pc=0x000002d0c6865843 sp=0x000000eef98fe118 mode 2
Event: 4.699 loading class com/sun/prism/shader/FillRoundRect_Color_Loader
Event: 4.699 loading class com/sun/prism/shader/FillRoundRect_Color_Loader done
Event: 4.704 loading class com/sun/prism/shader/FillRoundRect_LinearGradient_PAD_Loader
Event: 4.704 loading class com/sun/prism/shader/FillRoundRect_LinearGradient_PAD_Loader done
Event: 4.722 Executing VM operation: ForceSafepoint
Event: 4.723 Executing VM operation: ForceSafepoint done
Event: 4.723 Executing VM operation: RevokeBias
Event: 4.723 Executing VM operation: RevokeBias done


Dynamic libraries:
0x00007ff603710000 - 0x00007ff603757000 	C:\Program Files\Java\jdk1.8.0_261\jre\bin\java.exe
0x00007ffe037f0000 - 0x00007ffe039e5000 	C:\WINDOWS\SYSTEM32\ntdll.dll
0x00007ffe035c0000 - 0x00007ffe0367d000 	C:\WINDOWS\System32\KERNEL32.DLL
0x00007ffe01230000 - 0x00007ffe014f9000 	C:\WINDOWS\System32\KERNELBASE.dll
0x00007ffe03440000 - 0x00007ffe034ec000 	C:\WINDOWS\System32\ADVAPI32.dll
0x00007ffe019c0000 - 0x00007ffe01a5e000 	C:\WINDOWS\System32\msvcrt.dll
0x00007ffe034f0000 - 0x00007ffe0358c000 	C:\WINDOWS\System32\sechost.dll
0x00007ffe01b20000 - 0x00007ffe01c4b000 	C:\WINDOWS\System32\RPCRT4.dll
0x00007ffe029f0000 - 0x00007ffe02b90000 	C:\WINDOWS\System32\USER32.dll
0x00007ffe01820000 - 0x00007ffe01842000 	C:\WINDOWS\System32\win32u.dll
0x00007ffe03590000 - 0x00007ffe035ba000 	C:\WINDOWS\System32\GDI32.dll
0x00007ffe00f30000 - 0x00007ffe0103b000 	C:\WINDOWS\System32\gdi32full.dll
0x00007ffe01600000 - 0x00007ffe0169d000 	C:\WINDOWS\System32\msvcp_win.dll
0x00007ffe01500000 - 0x00007ffe01600000 	C:\WINDOWS\System32\ucrtbase.dll
0x00007ffde91c0000 - 0x00007ffde945a000 	C:\WINDOWS\WinSxS\amd64_microsoft.windows.common-controls_6595b64144ccf1df_6.0.19041.844_none_ca00b6081b84eb1d\COMCTL32.dll
0x00007ffe01af0000 - 0x00007ffe01b20000 	C:\WINDOWS\System32\IMM32.DLL
0x00007ffdfaf20000 - 0x00007ffdfaf35000 	C:\Program Files\Java\jdk1.8.0_261\jre\bin\vcruntime140.dll
0x00007ffdd6440000 - 0x00007ffdd64db000 	C:\Program Files\Java\jdk1.8.0_261\jre\bin\msvcp140.dll
0x00000000752b0000 - 0x0000000075b1c000 	C:\Program Files\Java\jdk1.8.0_261\jre\bin\server\jvm.dll
0x00007ffe018d0000 - 0x00007ffe018d8000 	C:\WINDOWS\System32\PSAPI.DLL
0x00007ffdf58c0000 - 0x00007ffdf58c9000 	C:\WINDOWS\SYSTEM32\WSOCK32.dll
0x00007ffdf8fc0000 - 0x00007ffdf8fca000 	C:\WINDOWS\SYSTEM32\VERSION.dll
0x00007ffdfd190000 - 0x00007ffdfd1b7000 	C:\WINDOWS\SYSTEM32\WINMM.dll
0x00007ffe02300000 - 0x00007ffe0236b000 	C:\WINDOWS\System32\WS2_32.dll
0x00007ffdfef20000 - 0x00007ffdfef32000 	C:\WINDOWS\SYSTEM32\kernel.appcore.dll
0x00007ffdfd1c0000 - 0x00007ffdfd1d0000 	C:\Program Files\Java\jdk1.8.0_261\jre\bin\verify.dll
0x00007ffdf1f30000 - 0x00007ffdf1f5b000 	C:\Program Files\Java\jdk1.8.0_261\jre\bin\java.dll
0x00007ffdf8f30000 - 0x00007ffdf8f48000 	C:\Program Files\Java\jdk1.8.0_261\jre\bin\zip.dll
0x00007ffe02ba0000 - 0x00007ffe032e2000 	C:\WINDOWS\System32\SHELL32.dll
0x00007ffdff160000 - 0x00007ffdff8f0000 	C:\WINDOWS\SYSTEM32\windows.storage.dll
0x00007ffe02690000 - 0x00007ffe029e5000 	C:\WINDOWS\System32\combase.dll
0x00007ffe008d0000 - 0x00007ffe008fc000 	C:\WINDOWS\SYSTEM32\Wldp.dll
0x00007ffe02520000 - 0x00007ffe025ce000 	C:\WINDOWS\System32\SHCORE.dll
0x00007ffe025d0000 - 0x00007ffe02625000 	C:\WINDOWS\System32\shlwapi.dll
0x00007ffe00e70000 - 0x00007ffe00e8f000 	C:\WINDOWS\SYSTEM32\profapi.dll
0x000002d0dc4e0000 - 0x000002d0dc4e3000 	C:\Program Files\Java\jdk1.8.0_261\jre\bin\api-ms-win-core-console-l1-1-0.dll
0x000002d0dc4f0000 - 0x000002d0dc4f3000 	C:\Program Files\Java\jdk1.8.0_261\jre\bin\api-ms-win-core-datetime-l1-1-0.dll
0x000002d0dc500000 - 0x000002d0dc503000 	C:\Program Files\Java\jdk1.8.0_261\jre\bin\api-ms-win-core-debug-l1-1-0.dll
0x000002d0dc510000 - 0x000002d0dc513000 	C:\Program Files\Java\jdk1.8.0_261\jre\bin\api-ms-win-core-errorhandling-l1-1-0.dll
0x000002d0dc520000 - 0x000002d0dc524000 	C:\Program Files\Java\jdk1.8.0_261\jre\bin\api-ms-win-core-file-l1-1-0.dll
0x000002d0dc530000 - 0x000002d0dc533000 	C:\Program Files\Java\jdk1.8.0_261\jre\bin\api-ms-win-core-file-l1-2-0.dll
0x000002d0dc540000 - 0x000002d0dc543000 	C:\Program Files\Java\jdk1.8.0_261\jre\bin\api-ms-win-core-file-l2-1-0.dll
0x000002d0dc550000 - 0x000002d0dc553000 	C:\Program Files\Java\jdk1.8.0_261\jre\bin\api-ms-win-core-handle-l1-1-0.dll
0x000002d0dc560000 - 0x000002d0dc563000 	C:\Program Files\Java\jdk1.8.0_261\jre\bin\api-ms-win-core-heap-l1-1-0.dll
0x000002d0dc570000 - 0x000002d0dc573000 	C:\Program Files\Java\jdk1.8.0_261\jre\bin\api-ms-win-core-interlocked-l1-1-0.dll
0x000002d0dc580000 - 0x000002d0dc583000 	C:\Program Files\Java\jdk1.8.0_261\jre\bin\api-ms-win-core-libraryloader-l1-1-0.dll
0x000002d0dc590000 - 0x000002d0dc593000 	C:\Program Files\Java\jdk1.8.0_261\jre\bin\api-ms-win-core-localization-l1-2-0.dll
0x000002d0dc5a0000 - 0x000002d0dc5a3000 	C:\Program Files\Java\jdk1.8.0_261\jre\bin\api-ms-win-core-memory-l1-1-0.dll
0x000002d0dc5b0000 - 0x000002d0dc5b3000 	C:\Program Files\Java\jdk1.8.0_261\jre\bin\api-ms-win-core-namedpipe-l1-1-0.dll
0x000002d0dc5c0000 - 0x000002d0dc5c3000 	C:\Program Files\Java\jdk1.8.0_261\jre\bin\api-ms-win-core-processenvironment-l1-1-0.dll
0x000002d0dc5d0000 - 0x000002d0dc5d3000 	C:\Program Files\Java\jdk1.8.0_261\jre\bin\api-ms-win-core-processthreads-l1-1-0.dll
0x000002d0dc5e0000 - 0x000002d0dc5e3000 	C:\Program Files\Java\jdk1.8.0_261\jre\bin\api-ms-win-core-processthreads-l1-1-1.dll
0x000002d0dc5f0000 - 0x000002d0dc5f3000 	C:\Program Files\Java\jdk1.8.0_261\jre\bin\api-ms-win-core-profile-l1-1-0.dll
0x000002d0dc600000 - 0x000002d0dc603000 	C:\Program Files\Java\jdk1.8.0_261\jre\bin\api-ms-win-core-rtlsupport-l1-1-0.dll
0x000002d0dc610000 - 0x000002d0dc613000 	C:\Program Files\Java\jdk1.8.0_261\jre\bin\api-ms-win-core-string-l1-1-0.dll
0x000002d0dc620000 - 0x000002d0dc623000 	C:\Program Files\Java\jdk1.8.0_261\jre\bin\api-ms-win-core-synch-l1-1-0.dll
0x000002d0dc630000 - 0x000002d0dc633000 	C:\Program Files\Java\jdk1.8.0_261\jre\bin\api-ms-win-core-synch-l1-2-0.dll
0x000002d0dc640000 - 0x000002d0dc643000 	C:\Program Files\Java\jdk1.8.0_261\jre\bin\api-ms-win-core-sysinfo-l1-1-0.dll
0x000002d0dc650000 - 0x000002d0dc653000 	C:\Program Files\Java\jdk1.8.0_261\jre\bin\api-ms-win-core-timezone-l1-1-0.dll
0x000002d0dc660000 - 0x000002d0dc663000 	C:\Program Files\Java\jdk1.8.0_261\jre\bin\api-ms-win-core-util-l1-1-0.dll
0x000002d0dc670000 - 0x000002d0dc673000 	C:\Program Files\Java\jdk1.8.0_261\jre\bin\api-ms-win-crt-conio-l1-1-0.dll
0x000002d0dc680000 - 0x000002d0dc684000 	C:\Program Files\Java\jdk1.8.0_261\jre\bin\api-ms-win-crt-convert-l1-1-0.dll
0x000002d0dc690000 - 0x000002d0dc693000 	C:\Program Files\Java\jdk1.8.0_261\jre\bin\api-ms-win-crt-environment-l1-1-0.dll
0x000002d0dc6a0000 - 0x000002d0dc6a3000 	C:\Program Files\Java\jdk1.8.0_261\jre\bin\api-ms-win-crt-filesystem-l1-1-0.dll
0x000002d0dc6b0000 - 0x000002d0dc6b3000 	C:\Program Files\Java\jdk1.8.0_261\jre\bin\api-ms-win-crt-heap-l1-1-0.dll
0x000002d0dc6c0000 - 0x000002d0dc6c3000 	C:\Program Files\Java\jdk1.8.0_261\jre\bin\api-ms-win-crt-locale-l1-1-0.dll
0x000002d0dc6d0000 - 0x000002d0dc6d5000 	C:\Program Files\Java\jdk1.8.0_261\jre\bin\api-ms-win-crt-math-l1-1-0.dll
0x000002d0dc6e0000 - 0x000002d0dc6e5000 	C:\Program Files\Java\jdk1.8.0_261\jre\bin\api-ms-win-crt-multibyte-l1-1-0.dll
0x000002d0dc6f0000 - 0x000002d0dc700000 	C:\Program Files\Java\jdk1.8.0_261\jre\bin\api-ms-win-crt-private-l1-1-0.dll
0x000002d0dc700000 - 0x000002d0dc703000 	C:\Program Files\Java\jdk1.8.0_261\jre\bin\api-ms-win-crt-process-l1-1-0.dll
0x000002d0dc710000 - 0x000002d0dc714000 	C:\Program Files\Java\jdk1.8.0_261\jre\bin\api-ms-win-crt-runtime-l1-1-0.dll
0x000002d0dc720000 - 0x000002d0dc724000 	C:\Program Files\Java\jdk1.8.0_261\jre\bin\api-ms-win-crt-stdio-l1-1-0.dll
0x000002d0dc730000 - 0x000002d0dc734000 	C:\Program Files\Java\jdk1.8.0_261\jre\bin\api-ms-win-crt-string-l1-1-0.dll
0x000002d0dc740000 - 0x000002d0dc743000 	C:\Program Files\Java\jdk1.8.0_261\jre\bin\api-ms-win-crt-time-l1-1-0.dll
0x000002d0dc750000 - 0x000002d0dc753000 	C:\Program Files\Java\jdk1.8.0_261\jre\bin\api-ms-win-crt-utility-l1-1-0.dll
0x00007ffdcf8e0000 - 0x00007ffdcf9dc000 	C:\Program Files\Java\jdk1.8.0_261\jre\bin\ucrtbase.dll
0x00007ffdd2250000 - 0x00007ffdd22a1000 	C:\Program Files\Java\jdk1.8.0_261\jre\bin\concrt140.dll
0x00007ffddc540000 - 0x00007ffddc563000 	C:\Program Files\Java\jdk1.8.0_261\jre\bin\prism_d3d.dll
0x00007ffdf1ae0000 - 0x00007ffdf1caf000 	C:\WINDOWS\system32\d3d9.dll
0x00007ffdfe330000 - 0x00007ffdfe35f000 	C:\WINDOWS\SYSTEM32\dwmapi.dll
0x00007ffdfe0c0000 - 0x00007ffdfe15e000 	C:\WINDOWS\system32\uxtheme.dll
0x00007ffdcf4c0000 - 0x00007ffdcf652000 	C:\WINDOWS\System32\DriverStore\FileRepository\igdlh64.inf_amd64_9f310939ec1eebf9\igdumdim64.dll
0x00007ffdf9310000 - 0x00007ffdf9463000 	C:\WINDOWS\System32\DriverStore\FileRepository\igdlh64.inf_amd64_9f310939ec1eebf9\igdgmm64.dll
0x00007ffdd65b0000 - 0x00007ffdd65f5000 	C:\Program Files\Java\jdk1.8.0_261\jre\bin\glass.dll
0x00007ffe018e0000 - 0x00007ffe019ba000 	C:\WINDOWS\System32\COMDLG32.dll
0x00007ffe03310000 - 0x00007ffe0343a000 	C:\WINDOWS\System32\ole32.dll
0x00007ffe01c50000 - 0x00007ffe01d1d000 	C:\WINDOWS\System32\OLEAUT32.dll
0x00007ffe03690000 - 0x00007ffe037a5000 	C:\WINDOWS\System32\MSCTF.dll
0x00007ffe016a0000 - 0x00007ffe01720000 	C:\WINDOWS\System32\bcryptPrimitives.dll
0x00007ffd93030000 - 0x00007ffd96c47000 	C:\WINDOWS\System32\DriverStore\FileRepository\igdlh64.inf_amd64_9f310939ec1eebf9\igd9dxva64.dll
0x00007ffdf22b0000 - 0x00007ffdf22d2000 	C:\WINDOWS\System32\DriverStore\FileRepository\igdlh64.inf_amd64_9f310939ec1eebf9\igdinfo64.dll
0x00007ffde96f0000 - 0x00007ffdeba6f000 	C:\WINDOWS\System32\DriverStore\FileRepository\igdlh64.inf_amd64_9f310939ec1eebf9\igc64.dll
0x00007ffdefb60000 - 0x00007ffdefb9b000 	C:\WINDOWS\SYSTEM32\dxcore.dll
0x00007ffe017d0000 - 0x00007ffe0181e000 	C:\WINDOWS\System32\cfgmgr32.dll
0x00007ffdefb10000 - 0x00007ffdefb24000 	C:\Program Files\Java\jdk1.8.0_261\jre\bin\javafx_font.dll
0x00007ffded0b0000 - 0x00007ffded0cc000 	C:\Program Files\Java\jdk1.8.0_261\jre\bin\net.dll
0x00007ffe00650000 - 0x00007ffe006ba000 	C:\WINDOWS\system32\mswsock.dll
0x00007ffe00380000 - 0x00007ffe0044b000 	C:\WINDOWS\SYSTEM32\DNSAPI.dll
0x00007ffe00340000 - 0x00007ffe0037b000 	C:\WINDOWS\SYSTEM32\IPHLPAPI.DLL
0x00007ffe03680000 - 0x00007ffe03688000 	C:\WINDOWS\System32\NSI.dll
0x00007ffdf6220000 - 0x00007ffdf622a000 	C:\Windows\System32\rasadhlp.dll
0x00007ffdf6880000 - 0x00007ffdf68ff000 	C:\WINDOWS\System32\fwpuclnt.dll
0x00007ffe01040000 - 0x00007ffe01067000 	C:\WINDOWS\System32\bcrypt.dll
0x00007ffde0700000 - 0x00007ffde097f000 	C:\WINDOWS\SYSTEM32\dwrite.dll
0x00007ffe01d20000 - 0x00007ffe01dc9000 	C:\WINDOWS\System32\clbcatq.dll
0x00007ffdf0f70000 - 0x00007ffdf1124000 	C:\WINDOWS\SYSTEM32\WindowsCodecs.dll
0x00007ffddd360000 - 0x00007ffddd39e000 	C:\WINDOWS\system32\dataexchange.dll
0x00007ffdfd5a0000 - 0x00007ffdfd787000 	C:\WINDOWS\system32\dcomp.dll
0x00007ffdfc8c0000 - 0x00007ffdfcb24000 	C:\WINDOWS\system32\d3d11.dll
0x00007ffdff950000 - 0x00007ffdffa43000 	C:\WINDOWS\system32\dxgi.dll
0x00007ffdf83a0000 - 0x00007ffdf85a1000 	C:\WINDOWS\system32\twinapi.appcore.dll
0x00007ffdf1340000 - 0x00007ffdf1374000 	C:\Program Files\Common Files\Microsoft Shared\Ink\rtscom.dll
0x00007ffdf0bd0000 - 0x00007ffdf0ccb000 	C:\WINDOWS\SYSTEM32\textinputframework.dll
0x00007ffdfd240000 - 0x00007ffdfd59e000 	C:\WINDOWS\System32\CoreUIComponents.dll
0x00007ffdfdda0000 - 0x00007ffdfde92000 	C:\WINDOWS\System32\CoreMessaging.dll
0x00007ffdffdb0000 - 0x00007ffdffde3000 	C:\WINDOWS\SYSTEM32\ntmarta.dll
0x00007ffdfcf90000 - 0x00007ffdfd0e4000 	C:\WINDOWS\SYSTEM32\wintypes.dll
0x00007ffe00820000 - 0x00007ffe00838000 	C:\WINDOWS\SYSTEM32\CRYPTSP.dll
0x00007ffdffff0000 - 0x00007ffe00024000 	C:\WINDOWS\system32\rsaenh.dll
0x00007ffe00df0000 - 0x00007ffe00e1e000 	C:\WINDOWS\SYSTEM32\USERENV.dll
0x00007ffe00840000 - 0x00007ffe0084c000 	C:\WINDOWS\SYSTEM32\CRYPTBASE.dll
0x00007ffdf9f00000 - 0x00007ffdf9f17000 	C:\WINDOWS\SYSTEM32\dhcpcsvc6.DLL
0x00007ffdf9e50000 - 0x00007ffdf9e6d000 	C:\WINDOWS\SYSTEM32\dhcpcsvc.DLL
0x00007ffde53e0000 - 0x00007ffde53f3000 	C:\Program Files\Java\jdk1.8.0_261\jre\bin\nio.dll
0x00007ffdd9a40000 - 0x00007ffdd9a52000 	C:\Program Files\Java\jdk1.8.0_261\jre\bin\prism_common.dll
0x00007ffdfc300000 - 0x00007ffdfc8c0000 	C:\WINDOWS\SYSTEM32\d2d1.dll
0x00007ffdf0050000 - 0x00007ffdf0746000 	C:\WINDOWS\SYSTEM32\D3D10Warp.dll

VM Arguments:
jvm_args: -Dfile.encoding=UTF-8 
java_command: C:\Users\smp\Documents\3Aa\Semestre  2\Java Projet\pi\pi\dist\run2067236398\pi.jar
java_class_path (initial): C:\Users\smp\Documents\3Aa\Semestre  2\Java Projet\pi\pi\dist\run2067236398\pi.jar
Launcher Type: SUN_STANDARD

Environment Variables:
PATH=C:\Program Files (x86)\Common Files\Oracle\Java\javapath;C:\wamp86\bin\php\php7.3.21;C:\Program Files\Java\jdk1.8.0_261\bin;C:\Users\smp\AppData\Roaming\Composer\vendor\bin;C:\Users\smp\composer;C:\WINDOWS\system32;C:\WINDOWS;C:\WINDOWS\System32\Wbem;C:\WINDOWS\System32\WindowsPowerShell\v1.0\;C:\WINDOWS\System32\OpenSSH\;C:\ProgramData\ComposerSetup\bin;C:\Users\smp\Documents\3Aa\flutter_windows_1.22.3-stable\flutter\bin;C:\Program Files\dotnet\;c:\Program Files\Microsoft SQL Server\Client SDK\ODBC\130\Tools\Binn\;c:\Program Files\Microsoft SQL Server\140\DTS\Binn\;C:\Program Files\Git\cmd;c:\ProgramData\ComposerSetup\bin;C:\Users\smp\AppData\Local\Microsoft\WindowsApps;C:\Users\smp\AppData\Local\Programs\Microsoft VS Code\bin;C:\Users\smp\AppData\Roaming\Composer\vendor\bin;C:\composer;C:\Flex Windows\gcc\bin;C:\Flex Windows\Lex\bin;C:\Flex Windows\bison\bin;C:\Users\smp\AppData\Local\GitHubDesktop\bin;
USERNAME=smp
OS=Windows_NT
PROCESSOR_IDENTIFIER=Intel64 Family 6 Model 142 Stepping 9, GenuineIntel



---------------  S Y S T E M  ---------------

OS: Windows 10.0 , 64 bit Build 19041 (10.0.19041.804)

CPU:total 4 (initial active 4) (2 cores per cpu, 2 threads per core) family 6 model 142 stepping 9, cmov, cx8, fxsr, mmx, sse, sse2, sse3, ssse3, sse4.1, sse4.2, popcnt, avx, avx2, aes, clmul, erms, 3dnowpref, lzcnt, ht, tsc, tscinvbit, bmi1, bmi2, adx

Memory: 4k page, physical 8267176k(1753052k free), swap 11048360k(10140k free)

vm_info: Java HotSpot(TM) 64-Bit Server VM (25.261-b12) for windows-amd64 JRE (1.8.0_261-b12), built on Jun 18 2020 06:56:32 by "" with unknown MS VC++:1916

time: Tue Apr 13 21:19:53 2021
timezone: Paris, Madrid
elapsed time: 5 seconds (0d 0h 0m 5s)

