#
# There is insufficient memory for the Java Runtime Environment to continue.
# Native memory allocation (malloc) failed to allocate 32744 bytes for ChunkPool::allocate
# Possible reasons:
#   The system is out of physical RAM or swap space
#   The process is running with CompressedOops enabled, and the Java Heap may be blocking the growth of the native heap
# Possible solutions:
#   Reduce memory load on the system
#   Increase physical memory or swap space
#   Check if swap backing store is full
#   Decrease Java heap size (-Xmx/-Xms)
#   Decrease number of Java threads
#   Decrease Java thread stack sizes (-Xss)
#   Set larger code cache with -XX:ReservedCodeCacheSize=
#   JVM is running with Unscaled Compressed Oops mode in which the Java heap is
#     placed in the first 4GB address space. The Java Heap base address is the
#     maximum limit for the native heap growth. Please use -XX:HeapBaseMinAddress
#     to set the Java Heap base and to place the Java Heap above 4GB virtual address.
# This output file may be truncated or incomplete.
#
#  Out of Memory Error (allocation.cpp:272), pid=13568, tid=0x00000000000009d4
#
# JRE version: Java(TM) SE Runtime Environment (8.0_261-b12) (build 1.8.0_261-b12)
# Java VM: Java HotSpot(TM) 64-Bit Server VM (25.261-b12 mixed mode windows-amd64 compressed oops)
# Failed to write core dump. Minidumps are not enabled by default on client versions of Windows
#

---------------  T H R E A D  ---------------

Current thread (0x0000022e2d102000):  JavaThread "JavaFX Application Thread" [_thread_in_vm, id=2516, stack(0x000000bb4d600000,0x000000bb4d700000)]

Stack: [0x000000bb4d600000,0x000000bb4d700000]
Native frames: (J=compiled Java code, j=interpreted, Vv=VM code, C=native code)
V  [jvm.dll+0x33e5f9]

Java frames: (J=compiled Java code, j=interpreted, Vv=VM code)
J 664  java.lang.ClassLoader.defineClass1(Ljava/lang/String;[BIILjava/security/ProtectionDomain;Ljava/lang/String;)Ljava/lang/Class; (0 bytes) @ 0x0000022e176215df [0x0000022e17621540+0x9f]
J 550 C1 java.lang.ClassLoader.defineClass(Ljava/lang/String;[BIILjava/security/ProtectionDomain;)Ljava/lang/Class; (43 bytes) @ 0x0000022e175ce4a4 [0x0000022e175cdec0+0x5e4]
J 507 C1 java.net.URLClassLoader.defineClass(Ljava/lang/String;Lsun/misc/Resource;)Ljava/lang/Class; (142 bytes) @ 0x0000022e175a0fcc [0x0000022e1759f440+0x1b8c]
J 546 C1 java.net.URLClassLoader$1.run()Ljava/lang/Class; (63 bytes) @ 0x0000022e175c8f14 [0x0000022e175c8c60+0x2b4]
J 505 C1 java.net.URLClassLoader$1.run()Ljava/lang/Object; (5 bytes) @ 0x0000022e1759eb4c [0x0000022e1759eac0+0x8c]
v  ~StubRoutines::call_stub
J 444  java.security.AccessController.doPrivileged(Ljava/security/PrivilegedExceptionAction;Ljava/security/AccessControlContext;)Ljava/lang/Object; (0 bytes) @ 0x0000022e17569ba6 [0x0000022e17569b40+0x66]
J 503 C1 java.net.URLClassLoader.findClass(Ljava/lang/String;)Ljava/lang/Class; (47 bytes) @ 0x0000022e1759dec4 [0x0000022e1759dd40+0x184]
J 225 C1 java.lang.ClassLoader.loadClass(Ljava/lang/String;Z)Ljava/lang/Class; (122 bytes) @ 0x0000022e174e71bc [0x0000022e174e6840+0x97c]
J 299 C1 java.lang.ClassLoader.loadClass(Ljava/lang/String;)Ljava/lang/Class; (7 bytes) @ 0x0000022e1751d7cc [0x0000022e1751d6c0+0x10c]
v  ~StubRoutines::call_stub
j  pi.Pi.start(Ljavafx/stage/Stage;)V+16
j  com.sun.javafx.application.LauncherImpl.lambda$launchApplication1$8(Ljava/util/concurrent/atomic/AtomicBoolean;Ljavafx/application/Application;)V+20
j  com.sun.javafx.application.LauncherImpl$$Lambda$55.run()V+8
j  com.sun.javafx.application.PlatformImpl.lambda$runAndWait$7(Ljava/lang/Runnable;Ljava/util/concurrent/CountDownLatch;)V+1
j  com.sun.javafx.application.PlatformImpl$$Lambda$48.run()V+8
j  com.sun.javafx.application.PlatformImpl.lambda$null$5(Ljava/lang/Runnable;)Ljava/lang/Void;+1
j  com.sun.javafx.application.PlatformImpl$$Lambda$50.run()Ljava/lang/Object;+4
v  ~StubRoutines::call_stub
j  java.security.AccessController.doPrivileged(Ljava/security/PrivilegedAction;Ljava/security/AccessControlContext;)Ljava/lang/Object;+0
j  com.sun.javafx.application.PlatformImpl.lambda$runLater$6(Ljava/lang/Runnable;Ljava/security/AccessControlContext;)V+7
j  com.sun.javafx.application.PlatformImpl$$Lambda$49.run()V+8
j  com.sun.glass.ui.InvokeLaterDispatcher$Future.run()V+4
v  ~StubRoutines::call_stub
j  com.sun.glass.ui.win.WinApplication._runLoop(Ljava/lang/Runnable;)V+0
j  com.sun.glass.ui.win.WinApplication.lambda$null$4(ILjava/lang/Runnable;)V+8
j  com.sun.glass.ui.win.WinApplication$$Lambda$38.run()V+12
j  java.lang.Thread.run()V+11
v  ~StubRoutines::call_stub

---------------  P R O C E S S  ---------------

Java Threads: ( => current thread )
  0x0000022e2d563000 JavaThread "Thread-3" daemon [_thread_in_native, id=17824, stack(0x000000bb4d700000,0x000000bb4d800000)]
  0x0000022e2d12d000 JavaThread "JavaFX-Launcher" [_thread_blocked, id=19652, stack(0x000000bb4d800000,0x000000bb4d900000)]
=>0x0000022e2d102000 JavaThread "JavaFX Application Thread" [_thread_in_vm, id=2516, stack(0x000000bb4d600000,0x000000bb4d700000)]
  0x0000022e2d09f800 JavaThread "Thread-1" daemon [_thread_blocked, id=4140, stack(0x000000bb4d500000,0x000000bb4d600000)]
  0x0000022e2d05c000 JavaThread "QuantumRenderer-0" daemon [_thread_blocked, id=14384, stack(0x000000bb4d400000,0x000000bb4d500000)]
  0x0000022e2c1c6800 JavaThread "Service Thread" daemon [_thread_blocked, id=5732, stack(0x000000bb4d200000,0x000000bb4d300000)]
  0x0000022e2c156000 JavaThread "C1 CompilerThread2" daemon [_thread_blocked, id=15312, stack(0x000000bb4d100000,0x000000bb4d200000)]
  0x0000022e2c14a000 JavaThread "C2 CompilerThread1" daemon [_thread_blocked, id=22376, stack(0x000000bb4d000000,0x000000bb4d100000)]
  0x0000022e2c146800 JavaThread "C2 CompilerThread0" daemon [_thread_blocked, id=11864, stack(0x000000bb4cf00000,0x000000bb4d000000)]
  0x0000022e2c145000 JavaThread "Attach Listener" daemon [_thread_blocked, id=16480, stack(0x000000bb4ce00000,0x000000bb4cf00000)]
  0x0000022e2c144000 JavaThread "Signal Dispatcher" daemon [_thread_blocked, id=16080, stack(0x000000bb4cd00000,0x000000bb4ce00000)]
  0x0000022e2c126000 JavaThread "Finalizer" daemon [_thread_blocked, id=15772, stack(0x000000bb4cc00000,0x000000bb4cd00000)]
  0x0000022e2c125000 JavaThread "Reference Handler" daemon [_thread_blocked, id=9752, stack(0x000000bb4cb00000,0x000000bb4cc00000)]
  0x0000022e159e1800 JavaThread "main" [_thread_blocked, id=22032, stack(0x000000bb4c500000,0x000000bb4c600000)]

Other Threads:
  0x0000022e2c103800 VMThread [stack: 0x000000bb4ca00000,0x000000bb4cb00000] [id=20204]
  0x0000022e2c1e9000 WatcherThread [stack: 0x000000bb4d300000,0x000000bb4d400000] [id=16508]

VM state:not at safepoint (normal execution)

VM Mutex/Monitor currently owned by a thread: None

heap address: 0x0000000081c00000, size: 2020 MB, Compressed Oops mode: 32-bit
Narrow klass base: 0x0000000000000000, Narrow klass shift: 3
Compressed class space size: 1073741824 Address: 0x0000000100000000

Heap:
 PSYoungGen      total 38400K, used 23327K [0x00000000d5f00000, 0x00000000d8980000, 0x0000000100000000)
  eden space 33280K, 70% used [0x00000000d5f00000,0x00000000d75c7fa8,0x00000000d7f80000)
  from space 5120K, 0% used [0x00000000d8480000,0x00000000d8480000,0x00000000d8980000)
  to   space 5120K, 0% used [0x00000000d7f80000,0x00000000d7f80000,0x00000000d8480000)
 ParOldGen       total 87552K, used 0K [0x0000000081c00000, 0x0000000087180000, 0x00000000d5f00000)
  object space 87552K, 0% used [0x0000000081c00000,0x0000000081c00000,0x0000000087180000)
 Metaspace       used 11467K, capacity 11840K, committed 11904K, reserved 1058816K
  class space    used 1547K, capacity 1646K, committed 1664K, reserved 1048576K

Card table byte_map: [0x0000022e26730000,0x0000022e26b30000] byte_map_base: 0x0000022e26322000

Marking Bits: (ParMarkBitMap*) 0x000000005a084fb0
 Begin Bits: [0x0000022e26de0000, 0x0000022e28d70000)
 End Bits:   [0x0000022e28d70000, 0x0000022e2ad00000)

Polling page: 0x0000022e15b00000

CodeCache: size=245760Kb used=3349Kb max_used=3363Kb free=242410Kb
 bounds [0x0000022e17370000, 0x0000022e176c0000, 0x0000022e26370000]
 total_blobs=1349 nmethods=905 adapters=357
 compilation: enabled

Compilation events (10 events):
Event: 0.972 Thread 0x0000022e2c156000 nmethod 900 0x0000022e176b2250 code [0x0000022e176b23c0, 0x0000022e176b2758]
Event: 0.972 Thread 0x0000022e2c156000  901   !   3       sun.reflect.UTF8::encode (191 bytes)
Event: 0.973 Thread 0x0000022e2c156000 nmethod 901 0x0000022e176b1150 code [0x0000022e176b1340, 0x0000022e176b1c50]
Event: 0.973 Thread 0x0000022e2c156000  902       3       sun.reflect.ClassFileAssembler::emitConstantPoolUTF8 (50 bytes)
Event: 0.973 Thread 0x0000022e2c156000 nmethod 902 0x0000022e176b0410 code [0x0000022e176b0600, 0x0000022e176b0c90]
Event: 0.973 Thread 0x0000022e2c156000  904       3       com.sun.javafx.fxml.BeanAdapter::getType (31 bytes)
Event: 0.974 Thread 0x0000022e2c156000 nmethod 904 0x0000022e176b2d50 code [0x0000022e176b2ee0, 0x0000022e176b3260]
Event: 0.974 Thread 0x0000022e2c156000  903       3       javafx.scene.Node::getScene (11 bytes)
Event: 0.974 Thread 0x0000022e2c156000 nmethod 903 0x0000022e176b3390 code [0x0000022e176b3520, 0x0000022e176b3970]
Event: 0.975 Thread 0x0000022e2c146800  905       4       sun.net.www.ParseUtil::encodePath (336 bytes)

GC Heap History (0 events):
No events

Deoptimization events (8 events):
Event: 0.460 Thread 0x0000022e2d102000 Uncommon trap: reason=unstable_if action=reinterpret pc=0x0000022e1752e4d0 method=java.lang.String.replace(CC)Ljava/lang/String; @ 26
Event: 0.465 Thread 0x0000022e2d102000 Uncommon trap: reason=unstable_if action=reinterpret pc=0x0000022e17525ee8 method=java.lang.String.startsWith(Ljava/lang/String;I)Z @ 25
Event: 0.608 Thread 0x0000022e2d102000 Uncommon trap: reason=unstable_if action=reinterpret pc=0x0000022e175e6d2c method=java.io.BufferedInputStream.read()I @ 8
Event: 0.629 Thread 0x0000022e2d102000 Uncommon trap: reason=unstable_if action=reinterpret pc=0x0000022e175f06e4 method=java.util.HashMap.getNode(ILjava/lang/Object;)Ljava/util/HashMap$Node; @ 84
Event: 0.629 Thread 0x0000022e2d102000 Uncommon trap: reason=unstable_if action=reinterpret pc=0x0000022e175f1474 method=java.util.HashMap.getNode(ILjava/lang/Object;)Ljava/util/HashMap$Node; @ 84
Event: 0.927 Thread 0x0000022e2d102000 Uncommon trap: reason=unstable_if action=reinterpret pc=0x0000022e175b1f98 method=sun.nio.cs.UTF_8$Encoder.encode([CII[B)I @ 33
Event: 0.959 Thread 0x0000022e2d102000 Uncommon trap: reason=class_check action=maybe_recompile pc=0x0000022e17682868 method=java.util.HashMap.putVal(ILjava/lang/Object;Ljava/lang/Object;ZZ)Ljava/lang/Object; @ 253
Event: 0.960 Thread 0x0000022e2d102000 Uncommon trap: reason=class_check action=maybe_recompile pc=0x0000022e17682868 method=java.util.HashMap.putVal(ILjava/lang/Object;Ljava/lang/Object;ZZ)Ljava/lang/Object; @ 253

Classes redefined (0 events):
No events

Internal exceptions (10 events):
Event: 0.167 Thread 0x0000022e159e1800 Exception <a 'java/security/PrivilegedActionException'> (0x00000000d61d7060) thrown at [C:\jenkins\workspace\8-2-build-windows-amd64-cygwin\jdk8u261\295\hotspot\src\share\vm\prims\jvm.cpp, line 1512]
Event: 0.167 Thread 0x0000022e159e1800 Exception <a 'java/security/PrivilegedActionException'> (0x00000000d61d7270) thrown at [C:\jenkins\workspace\8-2-build-windows-amd64-cygwin\jdk8u261\295\hotspot\src\share\vm\prims\jvm.cpp, line 1512]
Event: 0.167 Thread 0x0000022e159e1800 Exception <a 'java/lang/NullPointerException'> (0x00000000d61d7848) thrown at [C:\jenkins\workspace\8-2-build-windows-amd64-cygwin\jdk8u261\295\hotspot\src\share\vm\interpreter\linkResolver.cpp, line 1185]
Event: 0.536 Thread 0x0000022e2d102000 Exception <a 'java/lang/NullPointerException'> (0x00000000d6b93f58) thrown at [C:\jenkins\workspace\8-2-build-windows-amd64-cygwin\jdk8u261\295\hotspot\src\share\vm\interpreter\linkResolver.cpp, line 1185]
Event: 0.536 Thread 0x0000022e2d102000 Exception <a 'java/lang/NullPointerException'> (0x00000000d6b93f58) thrown at [C:\jenkins\workspace\8-2-build-windows-amd64-cygwin\jdk8u261\295\hotspot\src\share\vm\prims\jvm.cpp, line 1516]
Event: 0.560 Thread 0x0000022e2d102000 Exception <a 'java/lang/ArrayIndexOutOfBoundsException': 57> (0x00000000d6cbeb28) thrown at [C:\jenkins\workspace\8-2-build-windows-amd64-cygwin\jdk8u261\295\hotspot\src\share\vm\interpreter\interpreterRuntime.cpp, line 368]
Event: 0.561 Thread 0x0000022e2d102000 Exception <a 'java/lang/ArrayIndexOutOfBoundsException': 18> (0x00000000d6cbf9a0) thrown at [C:\jenkins\workspace\8-2-build-windows-amd64-cygwin\jdk8u261\295\hotspot\src\share\vm\interpreter\interpreterRuntime.cpp, line 368]
Event: 0.561 Thread 0x0000022e2d102000 Exception <a 'java/lang/ArrayIndexOutOfBoundsException': 86> (0x00000000d6cc0d48) thrown at [C:\jenkins\workspace\8-2-build-windows-amd64-cygwin\jdk8u261\295\hotspot\src\share\vm\interpreter\interpreterRuntime.cpp, line 368]
Event: 0.677 Thread 0x0000022e2d102000 Exception <a 'java/lang/ArrayIndexOutOfBoundsException': 58> (0x00000000d7079da0) thrown at [C:\jenkins\workspace\8-2-build-windows-amd64-cygwin\jdk8u261\295\hotspot\src\share\vm\interpreter\interpreterRuntime.cpp, line 368]
Event: 0.953 Thread 0x0000022e2d102000 Exception <a 'java/lang/ArrayIndexOutOfBoundsException'> (0x00000000d7489e90) thrown at [C:\jenkins\workspace\8-2-build-windows-amd64-cygwin\jdk8u261\295\hotspot\src\share\vm\runtime\sharedRuntime.cpp, line 605]

Events (10 events):
Event: 0.982 loading class javafx/scene/Scene$23
Event: 0.982 loading class javafx/scene/Scene$23 done
Event: 0.983 loading class javafx/scene/Camera
Event: 0.983 loading class javafx/scene/Camera done
Event: 0.983 loading class javafx/scene/ParallelCamera
Event: 0.983 loading class javafx/scene/ParallelCamera done
Event: 0.983 loading class javafx/scene/Scene$7
Event: 0.983 loading class javafx/scene/Scene$7 done
Event: 0.983 loading class javafx/scene/Scene$9
Event: 0.983 loading class javafx/scene/Scene$9 done


Dynamic libraries:
0x00007ff781540000 - 0x00007ff781587000 	C:\Program Files\Java\jdk1.8.0_261\jre\bin\java.exe
0x00007ffdb50d0000 - 0x00007ffdb52c5000 	C:\WINDOWS\SYSTEM32\ntdll.dll
0x00007ffdb38f0000 - 0x00007ffdb39ad000 	C:\WINDOWS\System32\KERNEL32.DLL
0x00007ffdb2d00000 - 0x00007ffdb2fc9000 	C:\WINDOWS\System32\KERNELBASE.dll
0x00007ffdb4390000 - 0x00007ffdb443c000 	C:\WINDOWS\System32\ADVAPI32.dll
0x00007ffdb39b0000 - 0x00007ffdb3a4e000 	C:\WINDOWS\System32\msvcrt.dll
0x00007ffdb3720000 - 0x00007ffdb37bc000 	C:\WINDOWS\System32\sechost.dll
0x00007ffdb3d20000 - 0x00007ffdb3e4b000 	C:\WINDOWS\System32\RPCRT4.dll
0x00007ffdb44a0000 - 0x00007ffdb4640000 	C:\WINDOWS\System32\USER32.dll
0x00007ffdb3100000 - 0x00007ffdb3122000 	C:\WINDOWS\System32\win32u.dll
0x00007ffdb41b0000 - 0x00007ffdb41da000 	C:\WINDOWS\System32\GDI32.dll
0x00007ffdb2a30000 - 0x00007ffdb2b3b000 	C:\WINDOWS\System32\gdi32full.dll
0x00007ffdb2810000 - 0x00007ffdb28ad000 	C:\WINDOWS\System32\msvcp_win.dll
0x00007ffdb28b0000 - 0x00007ffdb29b0000 	C:\WINDOWS\System32\ucrtbase.dll
0x00007ffd7a780000 - 0x00007ffd7aa1a000 	C:\WINDOWS\WinSxS\amd64_microsoft.windows.common-controls_6595b64144ccf1df_6.0.19041.844_none_ca00b6081b84eb1d\COMCTL32.dll
0x00007ffdb3260000 - 0x00007ffdb3290000 	C:\WINDOWS\System32\IMM32.DLL
0x00007ffda6e10000 - 0x00007ffda6e25000 	C:\Program Files\Java\jdk1.8.0_261\jre\bin\vcruntime140.dll
0x00007ffd88110000 - 0x00007ffd881ab000 	C:\Program Files\Java\jdk1.8.0_261\jre\bin\msvcp140.dll
0x0000000059890000 - 0x000000005a0fc000 	C:\Program Files\Java\jdk1.8.0_261\jre\bin\server\jvm.dll
0x00007ffdb3290000 - 0x00007ffdb3298000 	C:\WINDOWS\System32\PSAPI.DLL
0x00007ffda6000000 - 0x00007ffda6009000 	C:\WINDOWS\SYSTEM32\WSOCK32.dll
0x00007ffda63f0000 - 0x00007ffda6417000 	C:\WINDOWS\SYSTEM32\WINMM.dll
0x00007ffdaa4f0000 - 0x00007ffdaa4fa000 	C:\WINDOWS\SYSTEM32\VERSION.dll
0x00007ffdb3cb0000 - 0x00007ffdb3d1b000 	C:\WINDOWS\System32\WS2_32.dll
0x00007ffdb1400000 - 0x00007ffdb1412000 	C:\WINDOWS\SYSTEM32\kernel.appcore.dll
0x00007ffda9730000 - 0x00007ffda9740000 	C:\Program Files\Java\jdk1.8.0_261\jre\bin\verify.dll
0x00007ffd94330000 - 0x00007ffd9435b000 	C:\Program Files\Java\jdk1.8.0_261\jre\bin\java.dll
0x00007ffda6dc0000 - 0x00007ffda6dd8000 	C:\Program Files\Java\jdk1.8.0_261\jre\bin\zip.dll
0x00007ffdb46e0000 - 0x00007ffdb4e22000 	C:\WINDOWS\System32\SHELL32.dll
0x00007ffdb0620000 - 0x00007ffdb0db0000 	C:\WINDOWS\SYSTEM32\windows.storage.dll
0x00007ffdb3e50000 - 0x00007ffdb41a5000 	C:\WINDOWS\System32\combase.dll
0x00007ffdb21b0000 - 0x00007ffdb21dc000 	C:\WINDOWS\SYSTEM32\Wldp.dll
0x00007ffdb4e30000 - 0x00007ffdb4ede000 	C:\WINDOWS\System32\SHCORE.dll
0x00007ffdb4fa0000 - 0x00007ffdb4ff5000 	C:\WINDOWS\System32\shlwapi.dll
0x00007ffdb2750000 - 0x00007ffdb276f000 	C:\WINDOWS\SYSTEM32\profapi.dll
0x0000022e15b70000 - 0x0000022e15b73000 	C:\Program Files\Java\jdk1.8.0_261\jre\bin\api-ms-win-core-console-l1-1-0.dll
0x0000022e15b80000 - 0x0000022e15b83000 	C:\Program Files\Java\jdk1.8.0_261\jre\bin\api-ms-win-core-datetime-l1-1-0.dll
0x0000022e15b90000 - 0x0000022e15b93000 	C:\Program Files\Java\jdk1.8.0_261\jre\bin\api-ms-win-core-debug-l1-1-0.dll
0x0000022e15ba0000 - 0x0000022e15ba3000 	C:\Program Files\Java\jdk1.8.0_261\jre\bin\api-ms-win-core-errorhandling-l1-1-0.dll
0x0000022e15bb0000 - 0x0000022e15bb4000 	C:\Program Files\Java\jdk1.8.0_261\jre\bin\api-ms-win-core-file-l1-1-0.dll
0x0000022e2d130000 - 0x0000022e2d133000 	C:\Program Files\Java\jdk1.8.0_261\jre\bin\api-ms-win-core-file-l1-2-0.dll
0x0000022e2d140000 - 0x0000022e2d143000 	C:\Program Files\Java\jdk1.8.0_261\jre\bin\api-ms-win-core-file-l2-1-0.dll
0x0000022e2d150000 - 0x0000022e2d153000 	C:\Program Files\Java\jdk1.8.0_261\jre\bin\api-ms-win-core-handle-l1-1-0.dll
0x0000022e2d160000 - 0x0000022e2d163000 	C:\Program Files\Java\jdk1.8.0_261\jre\bin\api-ms-win-core-heap-l1-1-0.dll
0x0000022e2d170000 - 0x0000022e2d173000 	C:\Program Files\Java\jdk1.8.0_261\jre\bin\api-ms-win-core-interlocked-l1-1-0.dll
0x0000022e2d180000 - 0x0000022e2d183000 	C:\Program Files\Java\jdk1.8.0_261\jre\bin\api-ms-win-core-libraryloader-l1-1-0.dll
0x0000022e2d190000 - 0x0000022e2d193000 	C:\Program Files\Java\jdk1.8.0_261\jre\bin\api-ms-win-core-localization-l1-2-0.dll
0x0000022e2d1a0000 - 0x0000022e2d1a3000 	C:\Program Files\Java\jdk1.8.0_261\jre\bin\api-ms-win-core-memory-l1-1-0.dll
0x0000022e2d1b0000 - 0x0000022e2d1b3000 	C:\Program Files\Java\jdk1.8.0_261\jre\bin\api-ms-win-core-namedpipe-l1-1-0.dll
0x0000022e2d1c0000 - 0x0000022e2d1c3000 	C:\Program Files\Java\jdk1.8.0_261\jre\bin\api-ms-win-core-processenvironment-l1-1-0.dll
0x0000022e2d1d0000 - 0x0000022e2d1d3000 	C:\Program Files\Java\jdk1.8.0_261\jre\bin\api-ms-win-core-processthreads-l1-1-0.dll
0x0000022e2d1e0000 - 0x0000022e2d1e3000 	C:\Program Files\Java\jdk1.8.0_261\jre\bin\api-ms-win-core-processthreads-l1-1-1.dll
0x0000022e2d1f0000 - 0x0000022e2d1f3000 	C:\Program Files\Java\jdk1.8.0_261\jre\bin\api-ms-win-core-profile-l1-1-0.dll
0x0000022e2d200000 - 0x0000022e2d203000 	C:\Program Files\Java\jdk1.8.0_261\jre\bin\api-ms-win-core-rtlsupport-l1-1-0.dll
0x0000022e2d210000 - 0x0000022e2d213000 	C:\Program Files\Java\jdk1.8.0_261\jre\bin\api-ms-win-core-string-l1-1-0.dll
0x0000022e2d220000 - 0x0000022e2d223000 	C:\Program Files\Java\jdk1.8.0_261\jre\bin\api-ms-win-core-synch-l1-1-0.dll
0x0000022e2d230000 - 0x0000022e2d233000 	C:\Program Files\Java\jdk1.8.0_261\jre\bin\api-ms-win-core-synch-l1-2-0.dll
0x0000022e2d240000 - 0x0000022e2d243000 	C:\Program Files\Java\jdk1.8.0_261\jre\bin\api-ms-win-core-sysinfo-l1-1-0.dll
0x0000022e2d250000 - 0x0000022e2d253000 	C:\Program Files\Java\jdk1.8.0_261\jre\bin\api-ms-win-core-timezone-l1-1-0.dll
0x0000022e2d260000 - 0x0000022e2d263000 	C:\Program Files\Java\jdk1.8.0_261\jre\bin\api-ms-win-core-util-l1-1-0.dll
0x0000022e2d270000 - 0x0000022e2d273000 	C:\Program Files\Java\jdk1.8.0_261\jre\bin\api-ms-win-crt-conio-l1-1-0.dll
0x0000022e2d280000 - 0x0000022e2d284000 	C:\Program Files\Java\jdk1.8.0_261\jre\bin\api-ms-win-crt-convert-l1-1-0.dll
0x0000022e2d290000 - 0x0000022e2d293000 	C:\Program Files\Java\jdk1.8.0_261\jre\bin\api-ms-win-crt-environment-l1-1-0.dll
0x0000022e2d2a0000 - 0x0000022e2d2a3000 	C:\Program Files\Java\jdk1.8.0_261\jre\bin\api-ms-win-crt-filesystem-l1-1-0.dll
0x0000022e2d2b0000 - 0x0000022e2d2b3000 	C:\Program Files\Java\jdk1.8.0_261\jre\bin\api-ms-win-crt-heap-l1-1-0.dll
0x0000022e2d2c0000 - 0x0000022e2d2c3000 	C:\Program Files\Java\jdk1.8.0_261\jre\bin\api-ms-win-crt-locale-l1-1-0.dll
0x0000022e2d2d0000 - 0x0000022e2d2d5000 	C:\Program Files\Java\jdk1.8.0_261\jre\bin\api-ms-win-crt-math-l1-1-0.dll
0x0000022e2d2e0000 - 0x0000022e2d2e5000 	C:\Program Files\Java\jdk1.8.0_261\jre\bin\api-ms-win-crt-multibyte-l1-1-0.dll
0x0000022e2d2f0000 - 0x0000022e2d300000 	C:\Program Files\Java\jdk1.8.0_261\jre\bin\api-ms-win-crt-private-l1-1-0.dll
0x0000022e2d300000 - 0x0000022e2d303000 	C:\Program Files\Java\jdk1.8.0_261\jre\bin\api-ms-win-crt-process-l1-1-0.dll
0x0000022e2d310000 - 0x0000022e2d314000 	C:\Program Files\Java\jdk1.8.0_261\jre\bin\api-ms-win-crt-runtime-l1-1-0.dll
0x0000022e2d320000 - 0x0000022e2d324000 	C:\Program Files\Java\jdk1.8.0_261\jre\bin\api-ms-win-crt-stdio-l1-1-0.dll
0x0000022e2d330000 - 0x0000022e2d334000 	C:\Program Files\Java\jdk1.8.0_261\jre\bin\api-ms-win-crt-string-l1-1-0.dll
0x0000022e2d340000 - 0x0000022e2d343000 	C:\Program Files\Java\jdk1.8.0_261\jre\bin\api-ms-win-crt-time-l1-1-0.dll
0x0000022e2d350000 - 0x0000022e2d353000 	C:\Program Files\Java\jdk1.8.0_261\jre\bin\api-ms-win-crt-utility-l1-1-0.dll
0x00007ffd8ca80000 - 0x00007ffd8cb7c000 	C:\Program Files\Java\jdk1.8.0_261\jre\bin\ucrtbase.dll
0x00007ffd979b0000 - 0x00007ffd97a01000 	C:\Program Files\Java\jdk1.8.0_261\jre\bin\concrt140.dll
0x00007ffd99c30000 - 0x00007ffd99c53000 	C:\Program Files\Java\jdk1.8.0_261\jre\bin\prism_d3d.dll
0x00007ffd89b20000 - 0x00007ffd89cef000 	C:\WINDOWS\system32\d3d9.dll
0x00007ffdafc90000 - 0x00007ffdafcbf000 	C:\WINDOWS\SYSTEM32\dwmapi.dll
0x00007ffdaf8e0000 - 0x00007ffdaf97e000 	C:\WINDOWS\system32\uxtheme.dll
0x00007ffd7cf80000 - 0x00007ffd7d112000 	C:\WINDOWS\System32\DriverStore\FileRepository\igdlh64.inf_amd64_9f310939ec1eebf9\igdumdim64.dll
0x00007ffda15d0000 - 0x00007ffda1723000 	C:\WINDOWS\System32\DriverStore\FileRepository\igdlh64.inf_amd64_9f310939ec1eebf9\igdgmm64.dll
0x00007ffd98300000 - 0x00007ffd98345000 	C:\Program Files\Java\jdk1.8.0_261\jre\bin\glass.dll
0x00007ffdb3a50000 - 0x00007ffdb3b2a000 	C:\WINDOWS\System32\COMDLG32.dll
0x00007ffdb3130000 - 0x00007ffdb325a000 	C:\WINDOWS\System32\ole32.dll
0x00007ffdb37c0000 - 0x00007ffdb388d000 	C:\WINDOWS\System32\OLEAUT32.dll
0x00007ffdb3b90000 - 0x00007ffdb3ca5000 	C:\WINDOWS\System32\MSCTF.dll
0x00007ffdb29b0000 - 0x00007ffdb2a30000 	C:\WINDOWS\System32\bcryptPrimitives.dll
0x00007ffda6ec0000 - 0x00007ffda6ee2000 	C:\WINDOWS\System32\DriverStore\FileRepository\igdlh64.inf_amd64_9f310939ec1eebf9\igdinfo64.dll
0x00007ffd9a8a0000 - 0x00007ffd9a8b4000 	C:\Program Files\Java\jdk1.8.0_261\jre\bin\javafx_font.dll
0x00007ffd9e3e0000 - 0x00007ffd9e65f000 	C:\WINDOWS\SYSTEM32\dwrite.dll
0x00007ffd98ec0000 - 0x00007ffd98eec000 	C:\Program Files\Java\jdk1.8.0_261\jre\bin\javafx_iio.dll

VM Arguments:
jvm_args: -Dfile.encoding=UTF-8 
java_command: C:\Users\smp\Documents\3Aa\Semestre  2\Java Projet\pi\pi\dist\run745769075\pi.jar
java_class_path (initial): C:\Users\smp\Documents\3Aa\Semestre  2\Java Projet\pi\pi\dist\run745769075\pi.jar
Launcher Type: SUN_STANDARD

Environment Variables:
PATH=C:\Program Files (x86)\Common Files\Oracle\Java\javapath;C:\wamp86\bin\php\php7.3.21;C:\Program Files\Java\jdk1.8.0_261\bin;C:\Users\smp\AppData\Roaming\Composer\vendor\bin;C:\Users\smp\composer;C:\WINDOWS\system32;C:\WINDOWS;C:\WINDOWS\System32\Wbem;C:\WINDOWS\System32\WindowsPowerShell\v1.0\;C:\WINDOWS\System32\OpenSSH\;C:\ProgramData\ComposerSetup\bin;C:\Users\smp\Documents\3Aa\flutter_windows_1.22.3-stable\flutter\bin;C:\Program Files\dotnet\;c:\Program Files\Microsoft SQL Server\Client SDK\ODBC\130\Tools\Binn\;c:\Program Files\Microsoft SQL Server\140\DTS\Binn\;C:\Program Files\Git\cmd;c:\ProgramData\ComposerSetup\bin;C:\Users\smp\AppData\Local\Microsoft\WindowsApps;C:\Users\smp\AppData\Local\Programs\Microsoft VS Code\bin;C:\Users\smp\AppData\Roaming\Composer\vendor\bin;C:\composer;C:\Flex Windows\gcc\bin;C:\Flex Windows\Lex\bin;C:\Flex Windows\bison\bin;C:\Users\smp\AppData\Local\GitHubDesktop\bin;
USERNAME=smp
OS=Windows_NT
PROCESSOR_IDENTIFIER=Intel64 Family 6 Model 142 Stepping 9, GenuineIntel



---------------  S Y S T E M  ---------------

OS: Windows 10.0 , 64 bit Build 19041 (10.0.19041.804)

CPU:total 4 (initial active 4) (2 cores per cpu, 2 threads per core) family 6 model 142 stepping 9, cmov, cx8, fxsr, mmx, sse, sse2, sse3, ssse3, sse4.1, sse4.2, popcnt, avx, avx2, aes, clmul, erms, 3dnowpref, lzcnt, ht, tsc, tscinvbit, bmi1, bmi2, adx

Memory: 4k page, physical 8267176k(983492k free), swap 11048360k(4164k free)

vm_info: Java HotSpot(TM) 64-Bit Server VM (25.261-b12) for windows-amd64 JRE (1.8.0_261-b12), built on Jun 18 2020 06:56:32 by "" with unknown MS VC++:1916

time: Wed Apr 14 22:36:18 2021
timezone: Paris, Madrid
elapsed time: 1 seconds (0d 0h 0m 1s)

