#
# There is insufficient memory for the Java Runtime Environment to continue.
# Native memory allocation (malloc) failed to allocate 32744 bytes for ChunkPool::allocate
# Possible reasons:
#   The system is out of physical RAM or swap space
#   The process is running with CompressedOops enabled, and the Java Heap may be blocking the growth of the native heap
# Possible solutions:
#   Reduce memory load on the system
#   Increase physical memory or swap space
#   Check if swap backing store is full
#   Decrease Java heap size (-Xmx/-Xms)
#   Decrease number of Java threads
#   Decrease Java thread stack sizes (-Xss)
#   Set larger code cache with -XX:ReservedCodeCacheSize=
#   JVM is running with Unscaled Compressed Oops mode in which the Java heap is
#     placed in the first 4GB address space. The Java Heap base address is the
#     maximum limit for the native heap growth. Please use -XX:HeapBaseMinAddress
#     to set the Java Heap base and to place the Java Heap above 4GB virtual address.
# This output file may be truncated or incomplete.
#
#  Out of Memory Error (allocation.cpp:272), pid=6504, tid=0x0000000000002cd4
#
# JRE version: Java(TM) SE Runtime Environment (8.0_261-b12) (build 1.8.0_261-b12)
# Java VM: Java HotSpot(TM) 64-Bit Server VM (25.261-b12 mixed mode windows-amd64 compressed oops)
# Failed to write core dump. Minidumps are not enabled by default on client versions of Windows
#

---------------  T H R E A D  ---------------

Current thread (0x000001aeb5a59000):  JavaThread "C1 CompilerThread2" daemon [_thread_in_native, id=11476, stack(0x000000358c500000,0x000000358c600000)]

Stack: [0x000000358c500000,0x000000358c600000]
Native frames: (J=compiled Java code, j=interpreted, Vv=VM code, C=native code)
V  [jvm.dll+0x33e5f9]
V  [jvm.dll+0x2850e2]
V  [jvm.dll+0x285d8d]
V  [jvm.dll+0x27c895]
V  [jvm.dll+0xe520d]
V  [jvm.dll+0xe556c]
V  [jvm.dll+0x414c3d]
V  [jvm.dll+0x415732]
V  [jvm.dll+0x415147]
V  [jvm.dll+0x414f7e]
V  [jvm.dll+0x3efc77]
V  [jvm.dll+0x3ef808]
V  [jvm.dll+0x3ef99e]
V  [jvm.dll+0x3ef0f1]
V  [jvm.dll+0x3f0b2f]
V  [jvm.dll+0xbbbcb]
V  [jvm.dll+0xba22b]
V  [jvm.dll+0x24d962]
V  [jvm.dll+0x2a1cfc]
C  [ucrtbase.dll+0x21bb2]
C  [KERNEL32.DLL+0x17034]
C  [ntdll.dll+0x52651]


Current CompileTask:
C1:  12046 2597       3       javafx.scene.CssStyleHelper::lookupFont (1234 bytes)


---------------  P R O C E S S  ---------------

Java Threads: ( => current thread )
  0x000001aeb666f800 JavaThread "Abandoned connection cleanup thread" daemon [_thread_blocked, id=10540, stack(0x000000358d500000,0x000000358d600000)]
  0x000001aeb746c800 JavaThread "Prism Font Disposer" daemon [_thread_blocked, id=9652, stack(0x000000358d300000,0x000000358d400000)]
  0x000001aeb6f5c800 JavaThread "Thread-3" daemon [_thread_in_native, id=2940, stack(0x000000358ce00000,0x000000358cf00000)]
  0x000001aeb6f5b800 JavaThread "JavaFX-Launcher" [_thread_blocked, id=2740, stack(0x000000358cf00000,0x000000358d000000)]
  0x000001aeb69bd800 JavaThread "JavaFX Application Thread" [_thread_in_Java, id=7308, stack(0x000000358ca00000,0x000000358cb00000)]
  0x000001aeb6a0a000 JavaThread "Thread-1" daemon [_thread_blocked, id=9332, stack(0x000000358c900000,0x000000358ca00000)]
  0x000001aeb6965000 JavaThread "QuantumRenderer-0" daemon [_thread_blocked, id=7936, stack(0x000000358c800000,0x000000358c900000)]
  0x000001aeb5aca000 JavaThread "Service Thread" daemon [_thread_blocked, id=9504, stack(0x000000358c600000,0x000000358c700000)]
=>0x000001aeb5a59000 JavaThread "C1 CompilerThread2" daemon [_thread_in_native, id=11476, stack(0x000000358c500000,0x000000358c600000)]
  0x000001aeb5a4e800 JavaThread "C2 CompilerThread1" daemon [_thread_in_native, id=11800, stack(0x000000358c400000,0x000000358c500000)]
  0x000001aeb5a4c000 JavaThread "C2 CompilerThread0" daemon [_thread_in_native, id=11756, stack(0x000000358c300000,0x000000358c400000)]
  0x000001aeb5a49800 JavaThread "Attach Listener" daemon [_thread_blocked, id=4276, stack(0x000000358c200000,0x000000358c300000)]
  0x000001aeb5a48800 JavaThread "Signal Dispatcher" daemon [_thread_blocked, id=11328, stack(0x000000358c100000,0x000000358c200000)]
  0x000001aeb52fb800 JavaThread "Finalizer" daemon [_thread_blocked, id=5124, stack(0x000000358c000000,0x000000358c100000)]
  0x000001aeb5a26000 JavaThread "Reference Handler" daemon [_thread_blocked, id=12868, stack(0x000000358bf00000,0x000000358c000000)]
  0x000001ae9f393000 JavaThread "main" [_thread_blocked, id=12780, stack(0x000000358b900000,0x000000358ba00000)]

Other Threads:
  0x000001aeb5a04800 VMThread [stack: 0x000000358be00000,0x000000358bf00000] [id=13144]
  0x000001aeb5ae7800 WatcherThread [stack: 0x000000358c700000,0x000000358c800000] [id=10296]

VM state:not at safepoint (normal execution)

VM Mutex/Monitor currently owned by a thread: None

heap address: 0x0000000081c00000, size: 2020 MB, Compressed Oops mode: 32-bit
Narrow klass base: 0x0000000000000000, Narrow klass shift: 3
Compressed class space size: 1073741824 Address: 0x0000000100000000

Heap:
 PSYoungGen      total 38400K, used 13980K [0x00000000d5f00000, 0x00000000d8980000, 0x0000000100000000)
  eden space 33280K, 42% used [0x00000000d5f00000,0x00000000d6ca71d0,0x00000000d7f80000)
  from space 5120K, 0% used [0x00000000d7f80000,0x00000000d7f80000,0x00000000d8480000)
  to   space 5120K, 0% used [0x00000000d8480000,0x00000000d8480000,0x00000000d8980000)
 ParOldGen       total 87552K, used 34268K [0x0000000081c00000, 0x0000000087180000, 0x00000000d5f00000)
  object space 87552K, 39% used [0x0000000081c00000,0x0000000083d77278,0x0000000087180000)
 Metaspace       used 21869K, capacity 23040K, committed 23296K, reserved 1069056K
  class space    used 3017K, capacity 3262K, committed 3328K, reserved 1048576K

Card table byte_map: [0x000001aeb0030000,0x000001aeb0430000] byte_map_base: 0x000001aeafc22000

Marking Bits: (ParMarkBitMap*) 0x000000005d894fb0
 Begin Bits: [0x000001aeb06e0000, 0x000001aeb2670000)
 End Bits:   [0x000001aeb2670000, 0x000001aeb4600000)

Polling page: 0x000001ae9f310000

CodeCache: size=245760Kb used=8348Kb max_used=8361Kb free=237411Kb
 bounds [0x000001aea0c70000, 0x000001aea14a0000, 0x000001aeafc70000]
 total_blobs=3344 nmethods=2606 adapters=649
 compilation: enabled

Compilation events (10 events):
Event: 11.895 Thread 0x000001aeb5a59000 nmethod 2592 0x000001aea148cb50 code [0x000001aea148cca0, 0x000001aea148cdb8]
Event: 11.895 Thread 0x000001aeb5a59000 2591       3       javafx.scene.control.Labeled::textFillProperty (27 bytes)
Event: 11.896 Thread 0x000001aeb5a59000 nmethod 2591 0x000001aea148ce10 code [0x000001aea148cf80, 0x000001aea148d2f0]
Event: 11.899 Thread 0x000001aeb5a59000 2594       3       javafx.scene.Node::parentPropertyImpl (24 bytes)
Event: 11.899 Thread 0x000001aeb5a59000 nmethod 2594 0x000001aea148d450 code [0x000001aea148d5e0, 0x000001aea148da50]
Event: 11.899 Thread 0x000001aeb5a59000 2595       3       javafx.scene.text.Text::fontProperty (27 bytes)
Event: 11.900 Thread 0x000001aeb5a59000 nmethod 2595 0x000001aea148dc50 code [0x000001aea148de60, 0x000001aea148e790]
Event: 11.900 Thread 0x000001aeb5a59000 2596       3       javafx.beans.property.ObjectPropertyBase::bind (71 bytes)
Event: 11.901 Thread 0x000001aeb5a59000 nmethod 2596 0x000001aea148ec90 code [0x000001aea148eea0, 0x000001aea148f8d0]
Event: 11.901 Thread 0x000001aeb5a59000 2597       3       javafx.scene.CssStyleHelper::lookupFont (1234 bytes)

GC Heap History (8 events):
Event: 1.141 GC heap before
{Heap before GC invocations=1 (full 0):
 PSYoungGen      total 38400K, used 24777K [0x00000000d5f00000, 0x00000000d8980000, 0x0000000100000000)
  eden space 33280K, 74% used [0x00000000d5f00000,0x00000000d77327e0,0x00000000d7f80000)
  from space 5120K, 0% used [0x00000000d8480000,0x00000000d8480000,0x00000000d8980000)
  to   space 5120K, 0% used [0x00000000d7f80000,0x00000000d7f80000,0x00000000d8480000)
 ParOldGen       total 87552K, used 0K [0x0000000081c00000, 0x0000000087180000, 0x00000000d5f00000)
  object space 87552K, 0% used [0x0000000081c00000,0x0000000081c00000,0x0000000087180000)
 Metaspace       used 11560K, capacity 11932K, committed 12160K, reserved 1060864K
  class space    used 1514K, capacity 1614K, committed 1664K, reserved 1048576K
Event: 1.146 GC heap after
Heap after GC invocations=1 (full 0):
 PSYoungGen      total 38400K, used 5044K [0x00000000d5f00000, 0x00000000d8980000, 0x0000000100000000)
  eden space 33280K, 0% used [0x00000000d5f00000,0x00000000d5f00000,0x00000000d7f80000)
  from space 5120K, 98% used [0x00000000d7f80000,0x00000000d846d130,0x00000000d8480000)
  to   space 5120K, 0% used [0x00000000d8480000,0x00000000d8480000,0x00000000d8980000)
 ParOldGen       total 87552K, used 80K [0x0000000081c00000, 0x0000000087180000, 0x00000000d5f00000)
  object space 87552K, 0% used [0x0000000081c00000,0x0000000081c14010,0x0000000087180000)
 Metaspace       used 11560K, capacity 11932K, committed 12160K, reserved 1060864K
  class space    used 1514K, capacity 1614K, committed 1664K, reserved 1048576K
}
Event: 10.342 GC heap before
{Heap before GC invocations=2 (full 0):
 PSYoungGen      total 38400K, used 38102K [0x00000000d5f00000, 0x00000000d8980000, 0x0000000100000000)
  eden space 33280K, 99% used [0x00000000d5f00000,0x00000000d7f48748,0x00000000d7f80000)
  from space 5120K, 98% used [0x00000000d7f80000,0x00000000d846d130,0x00000000d8480000)
  to   space 5120K, 0% used [0x00000000d8480000,0x00000000d8480000,0x00000000d8980000)
 ParOldGen       total 87552K, used 80K [0x0000000081c00000, 0x0000000087180000, 0x00000000d5f00000)
  object space 87552K, 0% used [0x0000000081c00000,0x0000000081c14010,0x0000000087180000)
 Metaspace       used 17109K, capacity 17950K, committed 18048K, reserved 1064960K
  class space    used 2480K, capacity 2681K, committed 2688K, reserved 1048576K
Event: 10.353 GC heap after
Heap after GC invocations=2 (full 0):
 PSYoungGen      total 38400K, used 5119K [0x00000000d5f00000, 0x00000000d8980000, 0x0000000100000000)
  eden space 33280K, 0% used [0x00000000d5f00000,0x00000000d5f00000,0x00000000d7f80000)
  from space 5120K, 99% used [0x00000000d8480000,0x00000000d897ffe8,0x00000000d8980000)
  to   space 5120K, 0% used [0x00000000d7f80000,0x00000000d7f80000,0x00000000d8480000)
 ParOldGen       total 87552K, used 17061K [0x0000000081c00000, 0x0000000087180000, 0x00000000d5f00000)
  object space 87552K, 19% used [0x0000000081c00000,0x0000000082ca9678,0x0000000087180000)
 Metaspace       used 17109K, capacity 17950K, committed 18048K, reserved 1064960K
  class space    used 2480K, capacity 2681K, committed 2688K, reserved 1048576K
}
Event: 10.984 GC heap before
{Heap before GC invocations=3 (full 0):
 PSYoungGen      total 38400K, used 25420K [0x00000000d5f00000, 0x00000000d8980000, 0x0000000100000000)
  eden space 33280K, 60% used [0x00000000d5f00000,0x00000000d72d3038,0x00000000d7f80000)
  from space 5120K, 99% used [0x00000000d8480000,0x00000000d897ffe8,0x00000000d8980000)
  to   space 5120K, 0% used [0x00000000d7f80000,0x00000000d7f80000,0x00000000d8480000)
 ParOldGen       total 87552K, used 17061K [0x0000000081c00000, 0x0000000087180000, 0x00000000d5f00000)
  object space 87552K, 19% used [0x0000000081c00000,0x0000000082ca9678,0x0000000087180000)
 Metaspace       used 20302K, capacity 21170K, committed 21248K, reserved 1067008K
  class space    used 2809K, capacity 3051K, committed 3072K, reserved 1048576K
Event: 10.996 GC heap after
Heap after GC invocations=3 (full 0):
 PSYoungGen      total 38400K, used 5104K [0x00000000d5f00000, 0x00000000d8980000, 0x0000000100000000)
  eden space 33280K, 0% used [0x00000000d5f00000,0x00000000d5f00000,0x00000000d7f80000)
  from space 5120K, 99% used [0x00000000d7f80000,0x00000000d847c170,0x00000000d8480000)
  to   space 5120K, 0% used [0x00000000d8480000,0x00000000d8480000,0x00000000d8980000)
 ParOldGen       total 87552K, used 29390K [0x0000000081c00000, 0x0000000087180000, 0x00000000d5f00000)
  object space 87552K, 33% used [0x0000000081c00000,0x00000000838b3870,0x0000000087180000)
 Metaspace       used 20302K, capacity 21170K, committed 21248K, reserved 1067008K
  class space    used 2809K, capacity 3051K, committed 3072K, reserved 1048576K
}
Event: 10.996 GC heap before
{Heap before GC invocations=4 (full 1):
 PSYoungGen      total 38400K, used 5104K [0x00000000d5f00000, 0x00000000d8980000, 0x0000000100000000)
  eden space 33280K, 0% used [0x00000000d5f00000,0x00000000d5f00000,0x00000000d7f80000)
  from space 5120K, 99% used [0x00000000d7f80000,0x00000000d847c170,0x00000000d8480000)
  to   space 5120K, 0% used [0x00000000d8480000,0x00000000d8480000,0x00000000d8980000)
 ParOldGen       total 87552K, used 29390K [0x0000000081c00000, 0x0000000087180000, 0x00000000d5f00000)
  object space 87552K, 33% used [0x0000000081c00000,0x00000000838b3870,0x0000000087180000)
 Metaspace       used 20302K, capacity 21170K, committed 21248K, reserved 1067008K
  class space    used 2809K, capacity 3051K, committed 3072K, reserved 1048576K
Event: 11.061 GC heap after
Heap after GC invocations=4 (full 1):
 PSYoungGen      total 38400K, used 0K [0x00000000d5f00000, 0x00000000d8980000, 0x0000000100000000)
  eden space 33280K, 0% used [0x00000000d5f00000,0x00000000d5f00000,0x00000000d7f80000)
  from space 5120K, 0% used [0x00000000d7f80000,0x00000000d7f80000,0x00000000d8480000)
  to   space 5120K, 0% used [0x00000000d8480000,0x00000000d8480000,0x00000000d8980000)
 ParOldGen       total 87552K, used 34268K [0x0000000081c00000, 0x0000000087180000, 0x00000000d5f00000)
  object space 87552K, 39% used [0x0000000081c00000,0x0000000083d77278,0x0000000087180000)
 Metaspace       used 20302K, capacity 21170K, committed 21248K, reserved 1067008K
  class space    used 2809K, capacity 3051K, committed 3072K, reserved 1048576K
}

Deoptimization events (10 events):
Event: 10.625 Thread 0x000001aeb69bd800 Uncommon trap: reason=predicate action=maybe_recompile pc=0x000001aea12644c4 method=sun.net.www.ParseUtil.encodePath(Ljava/lang/String;Z)Ljava/lang/String; @ 36
Event: 11.198 Thread 0x000001aeb69bd800 Uncommon trap: reason=unstable_if action=reinterpret pc=0x000001aea138bc18 method=com.sun.javafx.css.BitSet.add(Ljava/lang/Object;)Z @ 91
Event: 11.198 Thread 0x000001aeb69bd800 Uncommon trap: reason=unstable_if action=reinterpret pc=0x000001aea13ec1bc method=com.sun.javafx.css.SimpleSelector.stateMatches(Ljavafx/css/Styleable;Ljava/util/Set;)Z @ 1
Event: 11.225 Thread 0x000001aeb69bd800 Uncommon trap: reason=unstable_if action=reinterpret pc=0x000001aea0e53b58 method=java.lang.String.indexOf([CII[CIII)I @ 3
Event: 11.852 Thread 0x000001aeb69bd800 Uncommon trap: reason=array_check action=maybe_recompile pc=0x000001aea1429184 method=com.sun.javafx.css.SimpleSelector.applies(Ljavafx/css/Styleable;[Ljava/util/Set;I)Z @ 37
Event: 11.852 Thread 0x000001aeb69bd800 Uncommon trap: reason=array_check action=maybe_recompile pc=0x000001aea1429184 method=com.sun.javafx.css.SimpleSelector.applies(Ljavafx/css/Styleable;[Ljava/util/Set;I)Z @ 37
Event: 11.852 Thread 0x000001aeb69bd800 Uncommon trap: reason=array_check action=maybe_recompile pc=0x000001aea1429184 method=com.sun.javafx.css.SimpleSelector.applies(Ljavafx/css/Styleable;[Ljava/util/Set;I)Z @ 37
Event: 11.852 Thread 0x000001aeb69bd800 Uncommon trap: reason=array_check action=maybe_recompile pc=0x000001aea1429184 method=com.sun.javafx.css.SimpleSelector.applies(Ljavafx/css/Styleable;[Ljava/util/Set;I)Z @ 37
Event: 11.854 Thread 0x000001aeb69bd800 Uncommon trap: reason=unstable_if action=reinterpret pc=0x000001aea0e3ca40 method=java.lang.CharacterData.of(I)Ljava/lang/CharacterData; @ 4
Event: 11.858 Thread 0x000001aeb69bd800 Uncommon trap: reason=array_check action=maybe_recompile pc=0x000001aea144ec20 method=com.sun.javafx.css.SimpleSelector.applies(Ljavafx/css/Styleable;[Ljava/util/Set;I)Z @ 37

Classes redefined (0 events):
No events

Internal exceptions (10 events):
Event: 1.492 Thread 0x000001aeb69bd800 Implicit null exception at 0x000001aea0f1fc35 to 0x000001aea0f1fe4d
Event: 1.493 Thread 0x000001aeb69bd800 Implicit null exception at 0x000001aea0fa7318 to 0x000001aea0fa73a6
Event: 1.496 Thread 0x000001aeb69bd800 Implicit null exception at 0x000001aea0f5036f to 0x000001aea0f503d9
Event: 1.846 Thread 0x000001aeb6965000 Exception <a 'java/lang/NullPointerException'> (0x00000000d77fc928) thrown at [C:\jenkins\workspace\8-2-build-windows-amd64-cygwin\jdk8u261\295\hotspot\src\share\vm\interpreter\linkResolver.cpp, line 1287]
Event: 1.865 Thread 0x000001aeb6965000 Exception <a 'java/lang/NullPointerException'> (0x00000000d7820ff0) thrown at [C:\jenkins\workspace\8-2-build-windows-amd64-cygwin\jdk8u261\295\hotspot\src\share\vm\interpreter\linkResolver.cpp, line 1287]
Event: 10.310 Thread 0x000001aeb69bd800 Exception <a 'java/lang/ArrayIndexOutOfBoundsException'> (0x00000000d7cdd2d8) thrown at [C:\jenkins\workspace\8-2-build-windows-amd64-cygwin\jdk8u261\295\hotspot\src\share\vm\runtime\sharedRuntime.cpp, line 605]
Event: 10.311 Thread 0x000001aeb69bd800 Exception <a 'java/lang/ArrayIndexOutOfBoundsException'> (0x00000000d7cde4c0) thrown at [C:\jenkins\workspace\8-2-build-windows-amd64-cygwin\jdk8u261\295\hotspot\src\share\vm\runtime\sharedRuntime.cpp, line 605]
Event: 10.311 Thread 0x000001aeb69bd800 Exception <a 'java/lang/ArrayIndexOutOfBoundsException'> (0x00000000d7ce05b8) thrown at [C:\jenkins\workspace\8-2-build-windows-amd64-cygwin\jdk8u261\295\hotspot\src\share\vm\runtime\sharedRuntime.cpp, line 605]
Event: 10.451 Thread 0x000001aeb69bd800 Implicit null exception at 0x000001aea0f84554 to 0x000001aea0f84905
Event: 11.198 Thread 0x000001aeb69bd800 Implicit null exception at 0x000001aea13ebbba to 0x000001aea13ec191

Events (10 events):
Event: 11.854 Thread 0x000001aeb69bd800 Uncommon trap: trap_request=0xffffff65 fr.pc=0x000001aea0e3ca40
Event: 11.854 Thread 0x000001aeb69bd800 DEOPT PACKING pc=0x000001aea0e3ca40 sp=0x000000358cafa890
Event: 11.854 Thread 0x000001aeb69bd800 DEOPT UNPACKING pc=0x000001aea0cb5843 sp=0x000000358cafa830 mode 2
Event: 11.854 loading class java/lang/CharacterData00
Event: 11.854 loading class java/lang/CharacterData00 done
Event: 11.854 Executing VM operation: Deoptimize
Event: 11.855 Executing VM operation: Deoptimize done
Event: 11.858 Thread 0x000001aeb69bd800 Uncommon trap: trap_request=0xffffffd6 fr.pc=0x000001aea144ec20
Event: 11.858 Thread 0x000001aeb69bd800 DEOPT PACKING pc=0x000001aea144ec20 sp=0x000000358cafa1d0
Event: 11.858 Thread 0x000001aeb69bd800 DEOPT UNPACKING pc=0x000001aea0cb5843 sp=0x000000358cafa130 mode 2


Dynamic libraries:
0x00007ff6b09c0000 - 0x00007ff6b0a07000 	C:\Program Files\Java\jdk1.8.0_261\jre\bin\java.exe
0x00007ffd28d70000 - 0x00007ffd28f65000 	C:\WINDOWS\SYSTEM32\ntdll.dll
0x00007ffd281e0000 - 0x00007ffd2829d000 	C:\WINDOWS\System32\KERNEL32.DLL
0x00007ffd264b0000 - 0x00007ffd26778000 	C:\WINDOWS\System32\KERNELBASE.dll
0x00007ffd26e90000 - 0x00007ffd26f3c000 	C:\WINDOWS\System32\ADVAPI32.dll
0x00007ffd282a0000 - 0x00007ffd2833e000 	C:\WINDOWS\System32\msvcrt.dll
0x00007ffd280c0000 - 0x00007ffd2815b000 	C:\WINDOWS\System32\sechost.dll
0x00007ffd26f80000 - 0x00007ffd270ab000 	C:\WINDOWS\System32\RPCRT4.dll
0x00007ffd28340000 - 0x00007ffd284e0000 	C:\WINDOWS\System32\USER32.dll
0x00007ffd269e0000 - 0x00007ffd26a02000 	C:\WINDOWS\System32\win32u.dll
0x00007ffd27a60000 - 0x00007ffd27a8a000 	C:\WINDOWS\System32\GDI32.dll
0x00007ffd26830000 - 0x00007ffd2693b000 	C:\WINDOWS\System32\gdi32full.dll
0x00007ffd26940000 - 0x00007ffd269dd000 	C:\WINDOWS\System32\msvcp_win.dll
0x00007ffd26ca0000 - 0x00007ffd26da0000 	C:\WINDOWS\System32\ucrtbase.dll
0x00007ffd1e8c0000 - 0x00007ffd1eb5a000 	C:\WINDOWS\WinSxS\amd64_microsoft.windows.common-controls_6595b64144ccf1df_6.0.19041.844_none_ca00b6081b84eb1d\COMCTL32.dll
0x00007ffd26f40000 - 0x00007ffd26f70000 	C:\WINDOWS\System32\IMM32.DLL
0x00007ffd1e800000 - 0x00007ffd1e815000 	C:\Program Files\Java\jdk1.8.0_261\jre\bin\vcruntime140.dll
0x00007ffce3d40000 - 0x00007ffce3ddb000 	C:\Program Files\Java\jdk1.8.0_261\jre\bin\msvcp140.dll
0x000000005d0a0000 - 0x000000005d90c000 	C:\Program Files\Java\jdk1.8.0_261\jre\bin\server\jvm.dll
0x00007ffd26f70000 - 0x00007ffd26f78000 	C:\WINDOWS\System32\PSAPI.DLL
0x00007ffd1ad10000 - 0x00007ffd1ad37000 	C:\WINDOWS\SYSTEM32\WINMM.dll
0x00007ffd1d200000 - 0x00007ffd1d20a000 	C:\WINDOWS\SYSTEM32\VERSION.dll
0x00007ffd1a840000 - 0x00007ffd1a849000 	C:\WINDOWS\SYSTEM32\WSOCK32.dll
0x00007ffd27f90000 - 0x00007ffd27ffb000 	C:\WINDOWS\System32\WS2_32.dll
0x00007ffd250d0000 - 0x00007ffd250e2000 	C:\WINDOWS\SYSTEM32\kernel.appcore.dll
0x00007ffd1e7f0000 - 0x00007ffd1e800000 	C:\Program Files\Java\jdk1.8.0_261\jre\bin\verify.dll
0x00007ffcffbc0000 - 0x00007ffcffbeb000 	C:\Program Files\Java\jdk1.8.0_261\jre\bin\java.dll
0x00007ffd1ce10000 - 0x00007ffd1ce28000 	C:\Program Files\Java\jdk1.8.0_261\jre\bin\zip.dll
0x00007ffd270b0000 - 0x00007ffd277f2000 	C:\WINDOWS\System32\SHELL32.dll
0x00007ffd241e0000 - 0x00007ffd24971000 	C:\WINDOWS\SYSTEM32\windows.storage.dll
0x00007ffd289d0000 - 0x00007ffd28d25000 	C:\WINDOWS\System32\combase.dll
0x00007ffd25eb0000 - 0x00007ffd25edc000 	C:\WINDOWS\SYSTEM32\Wldp.dll
0x00007ffd26dd0000 - 0x00007ffd26e7e000 	C:\WINDOWS\System32\SHCORE.dll
0x00007ffd28000000 - 0x00007ffd28055000 	C:\WINDOWS\System32\shlwapi.dll
0x00007ffd263f0000 - 0x00007ffd2640f000 	C:\WINDOWS\SYSTEM32\profapi.dll
0x000001ae9f350000 - 0x000001ae9f353000 	C:\Program Files\Java\jdk1.8.0_261\jre\bin\api-ms-win-core-console-l1-1-0.dll
0x000001ae9f620000 - 0x000001ae9f623000 	C:\Program Files\Java\jdk1.8.0_261\jre\bin\api-ms-win-core-datetime-l1-1-0.dll
0x000001ae9f630000 - 0x000001ae9f633000 	C:\Program Files\Java\jdk1.8.0_261\jre\bin\api-ms-win-core-debug-l1-1-0.dll
0x000001ae9f640000 - 0x000001ae9f643000 	C:\Program Files\Java\jdk1.8.0_261\jre\bin\api-ms-win-core-errorhandling-l1-1-0.dll
0x000001aeb6a20000 - 0x000001aeb6a24000 	C:\Program Files\Java\jdk1.8.0_261\jre\bin\api-ms-win-core-file-l1-1-0.dll
0x000001aeb6a30000 - 0x000001aeb6a33000 	C:\Program Files\Java\jdk1.8.0_261\jre\bin\api-ms-win-core-file-l1-2-0.dll
0x000001aeb6a40000 - 0x000001aeb6a43000 	C:\Program Files\Java\jdk1.8.0_261\jre\bin\api-ms-win-core-file-l2-1-0.dll
0x000001aeb6a50000 - 0x000001aeb6a53000 	C:\Program Files\Java\jdk1.8.0_261\jre\bin\api-ms-win-core-handle-l1-1-0.dll
0x000001aeb6a60000 - 0x000001aeb6a63000 	C:\Program Files\Java\jdk1.8.0_261\jre\bin\api-ms-win-core-heap-l1-1-0.dll
0x000001aeb6a70000 - 0x000001aeb6a73000 	C:\Program Files\Java\jdk1.8.0_261\jre\bin\api-ms-win-core-interlocked-l1-1-0.dll
0x000001aeb6a80000 - 0x000001aeb6a83000 	C:\Program Files\Java\jdk1.8.0_261\jre\bin\api-ms-win-core-libraryloader-l1-1-0.dll
0x000001aeb6a90000 - 0x000001aeb6a93000 	C:\Program Files\Java\jdk1.8.0_261\jre\bin\api-ms-win-core-localization-l1-2-0.dll
0x000001aeb6aa0000 - 0x000001aeb6aa3000 	C:\Program Files\Java\jdk1.8.0_261\jre\bin\api-ms-win-core-memory-l1-1-0.dll
0x000001aeb6ab0000 - 0x000001aeb6ab3000 	C:\Program Files\Java\jdk1.8.0_261\jre\bin\api-ms-win-core-namedpipe-l1-1-0.dll
0x000001aeb6ac0000 - 0x000001aeb6ac3000 	C:\Program Files\Java\jdk1.8.0_261\jre\bin\api-ms-win-core-processenvironment-l1-1-0.dll
0x000001aeb6ad0000 - 0x000001aeb6ad3000 	C:\Program Files\Java\jdk1.8.0_261\jre\bin\api-ms-win-core-processthreads-l1-1-0.dll
0x000001aeb6ae0000 - 0x000001aeb6ae3000 	C:\Program Files\Java\jdk1.8.0_261\jre\bin\api-ms-win-core-processthreads-l1-1-1.dll
0x000001aeb6af0000 - 0x000001aeb6af3000 	C:\Program Files\Java\jdk1.8.0_261\jre\bin\api-ms-win-core-profile-l1-1-0.dll
0x000001aeb6b00000 - 0x000001aeb6b03000 	C:\Program Files\Java\jdk1.8.0_261\jre\bin\api-ms-win-core-rtlsupport-l1-1-0.dll
0x000001aeb6b10000 - 0x000001aeb6b13000 	C:\Program Files\Java\jdk1.8.0_261\jre\bin\api-ms-win-core-string-l1-1-0.dll
0x000001aeb6b20000 - 0x000001aeb6b23000 	C:\Program Files\Java\jdk1.8.0_261\jre\bin\api-ms-win-core-synch-l1-1-0.dll
0x000001aeb6b30000 - 0x000001aeb6b33000 	C:\Program Files\Java\jdk1.8.0_261\jre\bin\api-ms-win-core-synch-l1-2-0.dll
0x000001aeb6b40000 - 0x000001aeb6b43000 	C:\Program Files\Java\jdk1.8.0_261\jre\bin\api-ms-win-core-sysinfo-l1-1-0.dll
0x000001aeb6b50000 - 0x000001aeb6b53000 	C:\Program Files\Java\jdk1.8.0_261\jre\bin\api-ms-win-core-timezone-l1-1-0.dll
0x000001aeb6b60000 - 0x000001aeb6b63000 	C:\Program Files\Java\jdk1.8.0_261\jre\bin\api-ms-win-core-util-l1-1-0.dll
0x000001aeb6b70000 - 0x000001aeb6b73000 	C:\Program Files\Java\jdk1.8.0_261\jre\bin\api-ms-win-crt-conio-l1-1-0.dll
0x000001aeb6b80000 - 0x000001aeb6b84000 	C:\Program Files\Java\jdk1.8.0_261\jre\bin\api-ms-win-crt-convert-l1-1-0.dll
0x000001aeb6b90000 - 0x000001aeb6b93000 	C:\Program Files\Java\jdk1.8.0_261\jre\bin\api-ms-win-crt-environment-l1-1-0.dll
0x000001aeb6ba0000 - 0x000001aeb6ba3000 	C:\Program Files\Java\jdk1.8.0_261\jre\bin\api-ms-win-crt-filesystem-l1-1-0.dll
0x000001aeb6bb0000 - 0x000001aeb6bb3000 	C:\Program Files\Java\jdk1.8.0_261\jre\bin\api-ms-win-crt-heap-l1-1-0.dll
0x000001aeb6bc0000 - 0x000001aeb6bc3000 	C:\Program Files\Java\jdk1.8.0_261\jre\bin\api-ms-win-crt-locale-l1-1-0.dll
0x000001aeb6bd0000 - 0x000001aeb6bd5000 	C:\Program Files\Java\jdk1.8.0_261\jre\bin\api-ms-win-crt-math-l1-1-0.dll
0x000001aeb6be0000 - 0x000001aeb6be5000 	C:\Program Files\Java\jdk1.8.0_261\jre\bin\api-ms-win-crt-multibyte-l1-1-0.dll
0x000001aeb6bf0000 - 0x000001aeb6c00000 	C:\Program Files\Java\jdk1.8.0_261\jre\bin\api-ms-win-crt-private-l1-1-0.dll
0x000001aeb6c00000 - 0x000001aeb6c03000 	C:\Program Files\Java\jdk1.8.0_261\jre\bin\api-ms-win-crt-process-l1-1-0.dll
0x000001aeb6c10000 - 0x000001aeb6c14000 	C:\Program Files\Java\jdk1.8.0_261\jre\bin\api-ms-win-crt-runtime-l1-1-0.dll
0x000001aeb6c20000 - 0x000001aeb6c24000 	C:\Program Files\Java\jdk1.8.0_261\jre\bin\api-ms-win-crt-stdio-l1-1-0.dll
0x000001aeb6c30000 - 0x000001aeb6c34000 	C:\Program Files\Java\jdk1.8.0_261\jre\bin\api-ms-win-crt-string-l1-1-0.dll
0x000001aeb6c40000 - 0x000001aeb6c43000 	C:\Program Files\Java\jdk1.8.0_261\jre\bin\api-ms-win-crt-time-l1-1-0.dll
0x000001aeb6c50000 - 0x000001aeb6c53000 	C:\Program Files\Java\jdk1.8.0_261\jre\bin\api-ms-win-crt-utility-l1-1-0.dll
0x00007ffcfa900000 - 0x00007ffcfa9fc000 	C:\Program Files\Java\jdk1.8.0_261\jre\bin\ucrtbase.dll
0x00007ffcfcad0000 - 0x00007ffcfcb21000 	C:\Program Files\Java\jdk1.8.0_261\jre\bin\concrt140.dll
0x00007ffd23060000 - 0x00007ffd23083000 	C:\Program Files\Java\jdk1.8.0_261\jre\bin\prism_d3d.dll
0x00007ffcf5d70000 - 0x00007ffcf5f3e000 	C:\WINDOWS\system32\d3d9.dll
0x00007ffd238b0000 - 0x00007ffd238df000 	C:\WINDOWS\SYSTEM32\dwmapi.dll
0x00007ffd23180000 - 0x00007ffd2321e000 	C:\WINDOWS\system32\uxtheme.dll
0x00007ffce0af0000 - 0x00007ffce0c82000 	C:\WINDOWS\System32\DriverStore\FileRepository\igdlh64.inf_amd64_9f310939ec1eebf9\igdumdim64.dll
0x00007ffcf4530000 - 0x00007ffcf4683000 	C:\WINDOWS\System32\DriverStore\FileRepository\igdlh64.inf_amd64_9f310939ec1eebf9\igdgmm64.dll
0x00007ffcfa8b0000 - 0x00007ffcfa8f5000 	C:\Program Files\Java\jdk1.8.0_261\jre\bin\glass.dll
0x00007ffd284e0000 - 0x00007ffd285ba000 	C:\WINDOWS\System32\COMDLG32.dll
0x00007ffd27800000 - 0x00007ffd2792a000 	C:\WINDOWS\System32\ole32.dll
0x00007ffd27930000 - 0x00007ffd279fd000 	C:\WINDOWS\System32\OLEAUT32.dll
0x00007ffd28700000 - 0x00007ffd28815000 	C:\WINDOWS\System32\MSCTF.dll
0x00007ffd26bd0000 - 0x00007ffd26c50000 	C:\WINDOWS\System32\bcryptPrimitives.dll
0x00007ffcc69a0000 - 0x00007ffcca5b7000 	C:\WINDOWS\System32\DriverStore\FileRepository\igdlh64.inf_amd64_9f310939ec1eebf9\igd9dxva64.dll
0x00007ffcf9000000 - 0x00007ffcf9022000 	C:\WINDOWS\System32\DriverStore\FileRepository\igdlh64.inf_amd64_9f310939ec1eebf9\igdinfo64.dll
0x00007ffcecce0000 - 0x00007ffcef05f000 	C:\WINDOWS\System32\DriverStore\FileRepository\igdlh64.inf_amd64_9f310939ec1eebf9\igc64.dll
0x00007ffcf20b0000 - 0x00007ffcf20eb000 	C:\WINDOWS\SYSTEM32\dxcore.dll
0x00007ffd26c50000 - 0x00007ffd26c9e000 	C:\WINDOWS\System32\cfgmgr32.dll
0x00007ffd1cb20000 - 0x00007ffd1cb34000 	C:\Program Files\Java\jdk1.8.0_261\jre\bin\javafx_font.dll
0x00007ffcf9b50000 - 0x00007ffcf9dcf000 	C:\WINDOWS\SYSTEM32\dwrite.dll
0x00007ffd15090000 - 0x00007ffd150bc000 	C:\Program Files\Java\jdk1.8.0_261\jre\bin\javafx_iio.dll
0x00007ffd285c0000 - 0x00007ffd28669000 	C:\WINDOWS\System32\clbcatq.dll
0x00007ffcf21a0000 - 0x00007ffcf2354000 	C:\WINDOWS\SYSTEM32\WindowsCodecs.dll
0x00007ffd26da0000 - 0x00007ffd26dc7000 	C:\WINDOWS\System32\bcrypt.dll
0x00007ffcf8e40000 - 0x00007ffcf8e7e000 	C:\WINDOWS\system32\dataexchange.dll
0x00007ffd20960000 - 0x00007ffd20b45000 	C:\WINDOWS\system32\dcomp.dll
0x00007ffd206f0000 - 0x00007ffd20954000 	C:\WINDOWS\system32\d3d11.dll
0x00007ffd24db0000 - 0x00007ffd24ea3000 	C:\WINDOWS\system32\dxgi.dll
0x00007ffd1dcc0000 - 0x00007ffd1dec1000 	C:\WINDOWS\system32\twinapi.appcore.dll
0x00007ffcf1e10000 - 0x00007ffcf1e44000 	C:\Program Files\Common Files\Microsoft Shared\Ink\rtscom.dll
0x00007ffcfd4a0000 - 0x00007ffcfd599000 	C:\WINDOWS\SYSTEM32\textinputframework.dll
0x00007ffd214a0000 - 0x00007ffd21592000 	C:\WINDOWS\System32\CoreMessaging.dll
0x00007ffd21750000 - 0x00007ffd21aae000 	C:\WINDOWS\System32\CoreUIComponents.dll
0x00007ffd224c0000 - 0x00007ffd22614000 	C:\WINDOWS\SYSTEM32\wintypes.dll
0x00007ffd251f0000 - 0x00007ffd25223000 	C:\WINDOWS\SYSTEM32\ntmarta.dll
0x00007ffd1cae0000 - 0x00007ffd1caf2000 	C:\Program Files\Java\jdk1.8.0_261\jre\bin\prism_common.dll
0x00007ffd0e910000 - 0x00007ffd0e92c000 	C:\Program Files\Java\jdk1.8.0_261\jre\bin\net.dll
0x00007ffd25bc0000 - 0x00007ffd25c2a000 	C:\WINDOWS\system32\mswsock.dll
0x00007ffd258f0000 - 0x00007ffd259bc000 	C:\WINDOWS\SYSTEM32\DNSAPI.dll
0x00007ffd258b0000 - 0x00007ffd258eb000 	C:\WINDOWS\SYSTEM32\IPHLPAPI.DLL
0x00007ffd26e80000 - 0x00007ffd26e88000 	C:\WINDOWS\System32\NSI.dll
0x00007ffd1c500000 - 0x00007ffd1c50a000 	C:\Windows\System32\rasadhlp.dll
0x00007ffd1c390000 - 0x00007ffd1c40f000 	C:\WINDOWS\System32\fwpuclnt.dll
0x00007ffd25da0000 - 0x00007ffd25db8000 	C:\WINDOWS\SYSTEM32\CRYPTSP.dll
0x00007ffd25560000 - 0x00007ffd25594000 	C:\WINDOWS\system32\rsaenh.dll
0x00007ffd26370000 - 0x00007ffd2639e000 	C:\WINDOWS\SYSTEM32\USERENV.dll
0x00007ffd25d90000 - 0x00007ffd25d9c000 	C:\WINDOWS\SYSTEM32\CRYPTBASE.dll
0x00007ffd1db50000 - 0x00007ffd1db67000 	C:\WINDOWS\SYSTEM32\dhcpcsvc6.DLL
0x00007ffd1db10000 - 0x00007ffd1db2d000 	C:\WINDOWS\SYSTEM32\dhcpcsvc.DLL
0x00007ffcfd140000 - 0x00007ffcfd153000 	C:\Program Files\Java\jdk1.8.0_261\jre\bin\nio.dll
0x00007ffd24a80000 - 0x00007ffd24c64000 	C:\WINDOWS\SYSTEM32\dbghelp.dll

VM Arguments:
jvm_args: -Dfile.encoding=UTF-8 
java_command: C:\Users\smp\Documents\3Aa\Semestre  2\Java Projet\pi\pi\dist\run185140311\pi.jar
java_class_path (initial): C:\Users\smp\Documents\3Aa\Semestre  2\Java Projet\pi\pi\dist\run185140311\pi.jar
Launcher Type: SUN_STANDARD

Environment Variables:
PATH=C:\Program Files (x86)\Common Files\Oracle\Java\javapath;C:\wamp86\bin\php\php7.3.21;C:\Program Files\Java\jdk1.8.0_261\bin;C:\Users\smp\AppData\Roaming\Composer\vendor\bin;C:\Users\smp\composer;C:\WINDOWS\system32;C:\WINDOWS;C:\WINDOWS\System32\Wbem;C:\WINDOWS\System32\WindowsPowerShell\v1.0\;C:\WINDOWS\System32\OpenSSH\;C:\ProgramData\ComposerSetup\bin;C:\Users\smp\Documents\3Aa\flutter_windows_1.22.3-stable\flutter\bin;C:\Program Files\dotnet\;c:\Program Files\Microsoft SQL Server\Client SDK\ODBC\130\Tools\Binn\;c:\Program Files\Microsoft SQL Server\140\DTS\Binn\;C:\Program Files\Git\cmd;c:\ProgramData\ComposerSetup\bin;C:\Users\smp\AppData\Local\Microsoft\WindowsApps;C:\Users\smp\AppData\Local\Programs\Microsoft VS Code\bin;C:\Users\smp\AppData\Roaming\Composer\vendor\bin;C:\composer;C:\Flex Windows\gcc\bin;C:\Flex Windows\Lex\bin;C:\Flex Windows\bison\bin;C:\Users\smp\AppData\Local\GitHubDesktop\bin;
USERNAME=smp
OS=Windows_NT
PROCESSOR_IDENTIFIER=Intel64 Family 6 Model 142 Stepping 9, GenuineIntel



---------------  S Y S T E M  ---------------

OS: Windows 10.0 , 64 bit Build 19041 (10.0.19041.928)

CPU:total 4 (initial active 4) (2 cores per cpu, 2 threads per core) family 6 model 142 stepping 9, cmov, cx8, fxsr, mmx, sse, sse2, sse3, ssse3, sse4.1, sse4.2, popcnt, avx, avx2, aes, clmul, erms, 3dnowpref, lzcnt, ht, tsc, tscinvbit, bmi1, bmi2, adx

Memory: 4k page, physical 8267176k(1472488k free), swap 11048360k(4144k free)

vm_info: Java HotSpot(TM) 64-Bit Server VM (25.261-b12) for windows-amd64 JRE (1.8.0_261-b12), built on Jun 18 2020 06:56:32 by "" with unknown MS VC++:1916

time: Wed Apr 21 18:48:23 2021
timezone: Paris, Madrid
elapsed time: 12 seconds (0d 0h 0m 12s)

