#
# There is insufficient memory for the Java Runtime Environment to continue.
# Native memory allocation (malloc) failed to allocate 1048576 bytes for AllocateHeap
# Possible reasons:
#   The system is out of physical RAM or swap space
#   The process is running with CompressedOops enabled, and the Java Heap may be blocking the growth of the native heap
# Possible solutions:
#   Reduce memory load on the system
#   Increase physical memory or swap space
#   Check if swap backing store is full
#   Decrease Java heap size (-Xmx/-Xms)
#   Decrease number of Java threads
#   Decrease Java thread stack sizes (-Xss)
#   Set larger code cache with -XX:ReservedCodeCacheSize=
#   JVM is running with Unscaled Compressed Oops mode in which the Java heap is
#     placed in the first 4GB address space. The Java Heap base address is the
#     maximum limit for the native heap growth. Please use -XX:HeapBaseMinAddress
#     to set the Java Heap base and to place the Java Heap above 4GB virtual address.
# This output file may be truncated or incomplete.
#
#  Out of Memory Error (memory/allocation.inline.hpp:61), pid=14344, tid=0x00000000000023c0
#
# JRE version:  (8.0_261-b12) (build )
# Java VM: Java HotSpot(TM) 64-Bit Server VM (25.261-b12 mixed mode windows-amd64 compressed oops)
# Failed to write core dump. Minidumps are not enabled by default on client versions of Windows
#

---------------  T H R E A D  ---------------

Current thread (0x000001f31c3b3800):  JavaThread "Unknown thread" [_thread_in_vm, id=9152, stack(0x0000008458c00000,0x0000008458d00000)]

Stack: [0x0000008458c00000,0x0000008458d00000]
Native frames: (J=compiled Java code, j=interpreted, Vv=VM code, C=native code)
V  [jvm.dll+0x33e5f9]
V  [jvm.dll+0x2850e2]
V  [jvm.dll+0x285d8d]
V  [jvm.dll+0x27c895]
V  [jvm.dll+0x1565d]
V  [jvm.dll+0x3e2507]
V  [jvm.dll+0x3e2ef8]
V  [jvm.dll+0x10c61f]
V  [jvm.dll+0x21a00b]
V  [jvm.dll+0x248687]
V  [jvm.dll+0x172116]
C  [java.exe+0x2312]
C  [java.exe+0x15f64]
C  [KERNEL32.DLL+0x17034]
C  [ntdll.dll+0x52651]


---------------  P R O C E S S  ---------------

Java Threads: ( => current thread )

Other Threads:

=>0x000001f31c3b3800 (exited) JavaThread "Unknown thread" [_thread_in_vm, id=9152, stack(0x0000008458c00000,0x0000008458d00000)]

VM state:not at safepoint (normal execution)

VM Mutex/Monitor currently owned by a thread: None

heap address: 0x0000000081c00000, size: 2020 MB, Compressed Oops mode: 32-bit
Narrow klass base: 0x0000000000000000, Narrow klass shift: 3
Compressed class space size: 1073741824 Address: 0x0000000100000000

Heap:
 PSYoungGen      total 38400K, used 665K [0x00000000d5f00000, 0x00000000d8980000, 0x0000000100000000)
  eden space 33280K, 2% used [0x00000000d5f00000,0x00000000d5fa6670,0x00000000d7f80000)
  from space 5120K, 0% used [0x00000000d8480000,0x00000000d8480000,0x00000000d8980000)
  to   space 5120K, 0% used [0x00000000d7f80000,0x00000000d7f80000,0x00000000d8480000)
 ParOldGen       total 87552K, used 0K [0x0000000081c00000, 0x0000000087180000, 0x00000000d5f00000)
  object space 87552K, 0% used [0x0000000081c00000,0x0000000081c00000,0x0000000087180000)
 Metaspace       used 776K, capacity 4480K, committed 4480K, reserved 1056768K
  class space    used 76K, capacity 384K, committed 384K, reserved 1048576K

Card table byte_map: [0x000001f32d180000,0x000001f32d580000] byte_map_base: 0x000001f32cd72000

Marking Bits: (ParMarkBitMap*) 0x0000000067e94fb0
 Begin Bits: [0x000001f32d830000, 0x000001f32f7c0000)
 End Bits:   [0x000001f32f7c0000, 0x000001f331750000)

Polling page: 0x000001f31dd90000

CodeCache: size=245760Kb used=328Kb max_used=328Kb free=245431Kb
 bounds [0x000001f31ddc0000, 0x000001f31e030000, 0x000001f32cdc0000]
 total_blobs=58 nmethods=0 adapters=38
 compilation: enabled

Compilation events (0 events):
No events

GC Heap History (0 events):
No events

Deoptimization events (0 events):
No events

Classes redefined (0 events):
No events

Internal exceptions (0 events):
No events

Events (10 events):
Event: 0.020 loading class java/lang/Short
Event: 0.020 loading class java/lang/Short done
Event: 0.020 loading class java/lang/Integer
Event: 0.020 loading class java/lang/Integer done
Event: 0.020 loading class java/lang/Long
Event: 0.020 loading class java/lang/Long done
Event: 0.020 loading class java/lang/NullPointerException
Event: 0.020 loading class java/lang/NullPointerException done
Event: 0.020 loading class java/lang/ArithmeticException
Event: 0.020 loading class java/lang/ArithmeticException done


Dynamic libraries:
0x00007ff6a11a0000 - 0x00007ff6a11e7000 	C:\Program Files\Java\jdk1.8.0_261\jre\bin\java.exe
0x00007ff896d30000 - 0x00007ff896f25000 	C:\WINDOWS\SYSTEM32\ntdll.dll
0x00007ff896940000 - 0x00007ff8969fd000 	C:\WINDOWS\System32\KERNEL32.DLL
0x00007ff894830000 - 0x00007ff894af8000 	C:\WINDOWS\System32\KERNELBASE.dll
0x00007ff894ec0000 - 0x00007ff894f6c000 	C:\WINDOWS\System32\ADVAPI32.dll
0x00007ff894f70000 - 0x00007ff89500e000 	C:\WINDOWS\System32\msvcrt.dll
0x00007ff896c50000 - 0x00007ff896ceb000 	C:\WINDOWS\System32\sechost.dll
0x00007ff894d90000 - 0x00007ff894ebb000 	C:\WINDOWS\System32\RPCRT4.dll
0x00007ff8952d0000 - 0x00007ff895470000 	C:\WINDOWS\System32\USER32.dll
0x00007ff8947b0000 - 0x00007ff8947d2000 	C:\WINDOWS\System32\win32u.dll
0x00007ff8950f0000 - 0x00007ff89511a000 	C:\WINDOWS\System32\GDI32.dll
0x00007ff8946a0000 - 0x00007ff8947ab000 	C:\WINDOWS\System32\gdi32full.dll
0x00007ff894cc0000 - 0x00007ff894d5d000 	C:\WINDOWS\System32\msvcp_win.dll
0x00007ff894470000 - 0x00007ff894570000 	C:\WINDOWS\System32\ucrtbase.dll
0x00007ff881ee0000 - 0x00007ff88217a000 	C:\WINDOWS\WinSxS\amd64_microsoft.windows.common-controls_6595b64144ccf1df_6.0.19041.844_none_ca00b6081b84eb1d\COMCTL32.dll
0x00007ff895120000 - 0x00007ff895150000 	C:\WINDOWS\System32\IMM32.DLL
0x00007ff870280000 - 0x00007ff870295000 	C:\Program Files\Java\jdk1.8.0_261\jre\bin\vcruntime140.dll
0x00007ff855410000 - 0x00007ff8554ab000 	C:\Program Files\Java\jdk1.8.0_261\jre\bin\msvcp140.dll
0x00000000676a0000 - 0x0000000067f0c000 	C:\Program Files\Java\jdk1.8.0_261\jre\bin\server\jvm.dll
0x00007ff895850000 - 0x00007ff895858000 	C:\WINDOWS\System32\PSAPI.DLL
0x00007ff885d50000 - 0x00007ff885d77000 	C:\WINDOWS\SYSTEM32\WINMM.dll
0x00007ff880450000 - 0x00007ff880459000 	C:\WINDOWS\SYSTEM32\WSOCK32.dll
0x00007ff889e50000 - 0x00007ff889e5a000 	C:\WINDOWS\SYSTEM32\VERSION.dll
0x00007ff895af0000 - 0x00007ff895b5b000 	C:\WINDOWS\System32\WS2_32.dll
0x00007ff8930c0000 - 0x00007ff8930d2000 	C:\WINDOWS\SYSTEM32\kernel.appcore.dll
0x00007ff882560000 - 0x00007ff882570000 	C:\Program Files\Java\jdk1.8.0_261\jre\bin\verify.dll
0x00007ff8683f0000 - 0x00007ff86841b000 	C:\Program Files\Java\jdk1.8.0_261\jre\bin\java.dll
0x00007ff86ca10000 - 0x00007ff86ca28000 	C:\Program Files\Java\jdk1.8.0_261\jre\bin\zip.dll
0x00007ff892d90000 - 0x00007ff892f74000 	C:\WINDOWS\SYSTEM32\dbghelp.dll
0x00007ff894620000 - 0x00007ff8946a0000 	C:\WINDOWS\System32\bcryptPrimitives.dll

VM Arguments:
jvm_args: -Dfile.encoding=UTF-8 
java_command: C:\Users\smp\Documents\3Aa\Semestre  2\Java Projet\pi\pi\dist\run1880230285\pi.jar
java_class_path (initial): C:\Users\smp\Documents\3Aa\Semestre  2\Java Projet\pi\pi\dist\run1880230285\pi.jar
Launcher Type: SUN_STANDARD

Environment Variables:
PATH=C:\Program Files (x86)\Common Files\Oracle\Java\javapath;C:\wamp86\bin\php\php7.3.21;C:\Program Files\Java\jdk1.8.0_261\bin;C:\Users\smp\AppData\Roaming\Composer\vendor\bin;C:\Users\smp\composer;C:\WINDOWS\system32;C:\WINDOWS;C:\WINDOWS\System32\Wbem;C:\WINDOWS\System32\WindowsPowerShell\v1.0\;C:\WINDOWS\System32\OpenSSH\;C:\ProgramData\ComposerSetup\bin;C:\Users\smp\Documents\3Aa\flutter_windows_1.22.3-stable\flutter\bin;C:\Program Files\dotnet\;c:\Program Files\Microsoft SQL Server\Client SDK\ODBC\130\Tools\Binn\;c:\Program Files\Microsoft SQL Server\140\DTS\Binn\;C:\Program Files\Git\cmd;c:\ProgramData\ComposerSetup\bin;C:\Users\smp\AppData\Local\Microsoft\WindowsApps;C:\Users\smp\AppData\Local\Programs\Microsoft VS Code\bin;C:\composer;C:\Flex Windows\gcc\bin;C:\Flex Windows\Lex\bin;C:\Flex Windows\bison\bin;C:\Users\smp\AppData\Local\GitHubDesktop\bin
USERNAME=smp
OS=Windows_NT
PROCESSOR_IDENTIFIER=Intel64 Family 6 Model 142 Stepping 9, GenuineIntel



---------------  S Y S T E M  ---------------

OS: Windows 10.0 , 64 bit Build 19041 (10.0.19041.928)

CPU:total 4 (initial active 4) (2 cores per cpu, 2 threads per core) family 6 model 142 stepping 9, cmov, cx8, fxsr, mmx, sse, sse2, sse3, ssse3, sse4.1, sse4.2, popcnt, avx, avx2, aes, clmul, erms, 3dnowpref, lzcnt, ht, tsc, tscinvbit, bmi1, bmi2, adx

Memory: 4k page, physical 8267176k(1672912k free), swap 11048360k(6160k free)

vm_info: Java HotSpot(TM) 64-Bit Server VM (25.261-b12) for windows-amd64 JRE (1.8.0_261-b12), built on Jun 18 2020 06:56:32 by "" with unknown MS VC++:1916

time: Sun Apr 25 14:40:57 2021
timezone: Paris, Madrid
elapsed time: 0 seconds (0d 0h 0m 0s)

