JvmtiExport can_access_local_variables 0
JvmtiExport can_hotswap_or_post_breakpoint 0
JvmtiExport can_post_on_exceptions 0
# 182 ciObject found
instanceKlass com/mysql/jdbc/ProfilerEventHandlerFactory
instanceKlass com/sun/prism/shader/FillPgram_LinearGradient_PAD_Loader
instanceKlass com/sun/javafx/font/directwrite/D2D1_POINT_2F
instanceKlass com/sun/javafx/font/directwrite/D2D1_PIXEL_FORMAT
instanceKlass com/sun/javafx/font/directwrite/D2D1_RENDER_TARGET_PROPERTIES
instanceKlass com/sun/javafx/font/directwrite/DWFactory$$Lambda$327
instanceKlass com/sun/prism/shader/Mask_TextureSuper_Loader
instanceKlass com/sun/prism/shader/Solid_Color_Loader
instanceKlass com/sun/prism/impl/shape/BasicShapeRep
instanceKlass com/sun/prism/shader/FillRoundRect_Color_Loader
instanceKlass com/sun/javafx/geom/Path2D$SVGParser
instanceKlass com/sun/javafx/scene/control/skin/TableCellSkinBase$$Lambda$326
instanceKlass com/sun/javafx/scene/control/skin/CellSkinBase$StyleableProperties
instanceKlass com/sun/javafx/scene/control/skin/TableRowSkinBase$$Lambda$325
instanceKlass Oxyvia/gui/AfficheDepenseController$1$$Lambda$324
instanceKlass Oxyvia/gui/AfficheDepenseController$1$$Lambda$323
instanceKlass de/jensd/fx/glyphs/GlyphIcon$$Lambda$322
instanceKlass de/jensd/fx/glyphs/GlyphIcon$$Lambda$321
instanceKlass de/jensd/fx/glyphs/GlyphIcon$$Lambda$320
instanceKlass de/jensd/fx/glyphs/GlyphIcon$StyleableProperties
instanceKlass com/sun/javafx/font/PrismFontFactory$$Lambda$319
instanceKlass com/sun/javafx/font/PrismFontFactory$$Lambda$318
instanceKlass com/sun/javafx/font/directwrite/DWDisposer
instanceKlass com/sun/javafx/font/FontFileWriter$$Lambda$317
instanceKlass sun/nio/ch/FileDispatcherImpl$1
instanceKlass sun/nio/ch/NativeDispatcher
instanceKlass sun/nio/ch/NativeThreadSet
instanceKlass sun/nio/ch/IOUtil$1
instanceKlass sun/nio/ch/IOUtil
instanceKlass java/nio/channels/SeekableByteChannel
instanceKlass sun/nio/fs/WindowsChannelFactory$2
instanceKlass java/util/RegularEnumSet$EnumSetIterator
instanceKlass sun/nio/fs/WindowsChannelFactory$Flags
instanceKlass sun/nio/fs/WindowsChannelFactory$1
instanceKlass sun/nio/fs/WindowsChannelFactory
instanceKlass sun/nio/fs/WindowsSecurityDescriptor
instanceKlass java/nio/file/OpenOption
instanceKlass sun/nio/fs/WindowsPath$1
instanceKlass sun/nio/fs/BasicFileAttributesHolder
instanceKlass sun/nio/fs/WindowsDirectoryStream$WindowsDirectoryIterator
instanceKlass sun/nio/fs/WindowsFileAttributes
instanceKlass java/nio/file/attribute/DosFileAttributes
instanceKlass java/nio/file/attribute/BasicFileAttributes
instanceKlass sun/nio/fs/NativeBuffer$Deallocator
instanceKlass sun/nio/fs/NativeBuffer
instanceKlass sun/nio/fs/NativeBuffers
instanceKlass sun/nio/fs/WindowsNativeDispatcher$BackupResult
instanceKlass sun/nio/fs/WindowsNativeDispatcher$CompletionStatus
instanceKlass sun/nio/fs/WindowsNativeDispatcher$AclInformation
instanceKlass sun/nio/fs/WindowsNativeDispatcher$Account
instanceKlass sun/nio/fs/WindowsNativeDispatcher$DiskFreeSpace
instanceKlass sun/nio/fs/WindowsNativeDispatcher$VolumeInformation
instanceKlass sun/nio/fs/WindowsNativeDispatcher$FirstStream
instanceKlass sun/nio/fs/WindowsNativeDispatcher$FirstFile
instanceKlass sun/nio/fs/WindowsNativeDispatcher$1
instanceKlass sun/nio/fs/WindowsNativeDispatcher
instanceKlass sun/nio/fs/WindowsDirectoryStream
instanceKlass java/nio/file/DirectoryStream
instanceKlass java/nio/file/Files$AcceptAllFilter
instanceKlass java/nio/file/DirectoryStream$Filter
instanceKlass java/net/NetworkInterface$2
instanceKlass java/net/DefaultInterface
instanceKlass java/net/InterfaceAddress
instanceKlass java/net/NetworkInterface$1
instanceKlass sun/security/provider/ByteArrayAccess
instanceKlass sun/security/provider/SeedGenerator$1
instanceKlass sun/security/provider/SeedGenerator
instanceKlass sun/security/provider/SecureRandom$SeederHolder
instanceKlass sun/security/util/MessageDigestSpi2
instanceKlass sun/security/jca/GetInstance$Instance
instanceKlass sun/security/jca/GetInstance
instanceKlass java/security/MessageDigestSpi
instanceKlass java/security/SecureRandomSpi
instanceKlass java/security/Provider$UString
instanceKlass java/security/Provider$Service
instanceKlass sun/security/provider/NativePRNG$NonBlocking
instanceKlass sun/security/provider/NativePRNG$Blocking
instanceKlass sun/security/provider/NativePRNG
instanceKlass sun/security/provider/SunEntries$1
instanceKlass sun/security/provider/SunEntries
instanceKlass sun/security/jca/ProviderConfig$2
instanceKlass sun/security/jca/ProviderList$2
instanceKlass java/security/Provider$EngineDescription
instanceKlass java/security/Provider$ServiceKey
instanceKlass sun/security/jca/ProviderConfig
instanceKlass sun/security/jca/ProviderList
instanceKlass sun/security/jca/Providers
instanceKlass sun/nio/fs/AbstractPath
instanceKlass sun/nio/fs/Util
instanceKlass sun/nio/fs/WindowsPathParser$Result
instanceKlass sun/nio/fs/WindowsPathParser
instanceKlass java/nio/file/FileSystem
instanceKlass java/nio/file/spi/FileSystemProvider
instanceKlass sun/nio/fs/DefaultFileSystemProvider
instanceKlass java/nio/file/FileSystems$DefaultFileSystemHolder$1
instanceKlass java/nio/file/FileSystems$DefaultFileSystemHolder
instanceKlass java/nio/file/FileSystems
instanceKlass java/nio/file/Paths
instanceKlass java/nio/file/TempFileHelper
instanceKlass java/nio/file/Files
instanceKlass java/nio/file/attribute/FileAttribute
instanceKlass com/sun/javafx/font/FontFileWriter$$Lambda$316
instanceKlass com/sun/javafx/font/FontFileWriter
instanceKlass de/jensd/fx/glyphs/GlyphIcons
instanceKlass com/sun/javafx/property/PropertyReference
instanceKlass javafx/scene/control/TableColumn$CellDataFeatures
instanceKlass javafx/scene/control/TableCell$$Lambda$315
instanceKlass javafx/scene/control/TableCell$$Lambda$314
instanceKlass javafx/scene/control/TableCell$$Lambda$313
instanceKlass javafx/scene/control/TableCell$$Lambda$312
instanceKlass javafx/scene/control/TableCell$$Lambda$311
instanceKlass javafx/scene/control/TableCell$$Lambda$310
instanceKlass javafx/scene/control/TableCell$$Lambda$309
instanceKlass javafx/scene/control/TableCell$$Lambda$308
instanceKlass com/sun/javafx/scene/control/skin/TableRowSkinBase$$Lambda$307
instanceKlass com/sun/javafx/scene/control/skin/VirtualFlow$$Lambda$306
instanceKlass javafx/scene/control/TableRow$$Lambda$305
instanceKlass javafx/scene/control/TableRow$$Lambda$304
instanceKlass javafx/scene/control/TableRow$$Lambda$303
instanceKlass javafx/scene/control/Cell$1
instanceKlass com/sun/javafx/scene/control/skin/TableColumnHeader$$Lambda$302
instanceKlass com/sun/javafx/tk/FontMetrics
instanceKlass com/sun/javafx/font/PrismFontUtils
instanceKlass com/sun/javafx/scene/control/skin/ScrollBarSkin$$Lambda$301
instanceKlass com/sun/javafx/scene/control/skin/ScrollBarSkin$$Lambda$300
instanceKlass com/sun/javafx/scene/control/skin/ScrollBarSkin$$Lambda$299
instanceKlass com/sun/javafx/scene/control/skin/ScrollBarSkin$$Lambda$298
instanceKlass com/sun/javafx/scene/control/skin/ScrollBarSkin$$Lambda$297
instanceKlass com/sun/javafx/scene/control/skin/ScrollBarSkin$$Lambda$296
instanceKlass com/sun/javafx/scene/control/skin/ScrollBarSkin$$Lambda$295
instanceKlass com/sun/javafx/scene/control/skin/ScrollBarSkin$$Lambda$294
instanceKlass com/sun/javafx/scene/control/skin/ScrollBarSkin$$Lambda$293
instanceKlass com/sun/javafx/scene/control/skin/ScrollBarSkin$$Lambda$292
